TN:
SF:/Library/Developer/CommandLineTools/SDKs/MacOSX15.1.sdk/usr/include/___wctype.h
FNL:0,153,155
FNA:0,0,_Z8towloweri
FNF:1
FNH:0
DA:153,0
DA:155,0
LF:2
LH:0
end_of_record
TN:
SF:/Library/Developer/CommandLineTools/SDKs/MacOSX15.1.sdk/usr/include/_ctype.h
FNL:0,137,139
FNA:0,0,_Z7isasciii
FNL:1,155,161
FNA:1,0,_Z8__istypeim
FNL:2,166,172
FNA:2,0,_Z9__isctypeim
FNL:3,232,234
FNA:3,0,_Z7iscntrli
FNL:4,239,241
FNA:4,0,_Z7isdigiti
FNL:5,269,271
FNA:5,0,_Z7isspacei
FNL:6,282,284
FNA:6,0,_Z8isxdigiti
FNL:7,300,302
FNA:7,10764,_Z7toupperi
FNF:8
FNH:1
DA:137,0
DA:139,0
DA:155,0
DA:160,0
DA:161,0
DA:166,0
DA:171,0
DA:172,0
DA:232,0
DA:234,0
DA:239,0
DA:241,0
DA:269,0
DA:271,0
DA:282,0
DA:284,0
DA:300,10764
DA:302,10764
LF:18
LH:2
end_of_record
TN:
SF:/Library/Developer/CommandLineTools/SDKs/MacOSX15.1.sdk/usr/include/c++/v1/__algorithm/any_of.h
FNL:0,23,28
FNA:0,2001,_ZNSt3__16any_ofB8ne180100INS_11__wrap_iterIPKNS_12basic_stringIcNS_11char_traitsIcEENS_9allocatorIcEEEEEEZNK7testing8internal12_GLOBAL__N_114UnitTestFilter11MatchesNameERS8_EUlSF_E_EEbT_SH_T0_
FNA:0,130,_ZNSt3__16any_ofB8ne180100INS_11__wrap_iterIPKcEEZN7testing8internal12_GLOBAL__N_113IsGlobPatternERKNS_12basic_stringIcNS_11char_traitsIcEENS_9allocatorIcEEEEE3$_0EEbT_SH_T0_
FNF:1
FNH:1
DA:23,2131
DA:24,5838
DA:25,3837
DA:26,130
DA:27,2001
DA:28,2131
LF:6
LH:6
end_of_record
TN:
SF:/Library/Developer/CommandLineTools/SDKs/MacOSX15.1.sdk/usr/include/c++/v1/__algorithm/comp.h
FNL:0,40,41
FNA:0,0,_ZNKSt3__16__lessIvvEclB8ne180100IddEEbRKT_RKT0_
FNA:0,1355,_ZNKSt3__16__lessIvvEclB8ne180100ImmEEbRKT_RKT0_
FNF:1
FNH:1
DA:40,1355
DA:41,1355
LF:2
LH:2
end_of_record
TN:
SF:/Library/Developer/CommandLineTools/SDKs/MacOSX15.1.sdk/usr/include/c++/v1/__algorithm/copy.h
FNL:0,103,104
FNA:0,1300,_ZNKSt3__114__copy_trivialclB8ne180100IKccLi0EEENS_4pairIPT_PT0_EES5_S5_S7_
FNA:0,0,_ZNKSt3__114__copy_trivialclB8ne180100IN7testing8internal13edit_distance8EditTypeES5_Li0EEENS_4pairIPT_PT0_EES8_S8_SA_
FNA:0,0,_ZNKSt3__114__copy_trivialclB8ne180100IddLi0EEENS_4pairIPT_PT0_EES4_S4_S6_
FNL:1,110,112
FNA:1,1300,_ZNSt3__16__copyB8ne180100INS_17_ClassicAlgPolicyEPKcS3_PcEENS_4pairIT0_T2_EES6_T1_S7_
FNA:1,0,_ZNSt3__16__copyB8ne180100INS_17_ClassicAlgPolicyEPN7testing8internal13edit_distance8EditTypeES6_S6_EENS_4pairIT0_T2_EES8_T1_S9_
FNA:1,0,_ZNSt3__16__copyB8ne180100INS_17_ClassicAlgPolicyEPdS2_S2_EENS_4pairIT0_T2_EES4_T1_S5_
FNL:2,117,118
FNA:2,1300,_ZNSt3__14copyB8ne180100IPKcPcEET0_T_S5_S4_
FNA:2,0,_ZNSt3__14copyB8ne180100IPN7testing8internal13edit_distance8EditTypeES5_EET0_T_S7_S6_
FNA:2,0,_ZNSt3__14copyB8ne180100IPdS1_EET0_T_S3_S2_
FNF:3
FNH:3
DA:103,1300
DA:104,1300
DA:110,1300
DA:111,1300
DA:112,1300
DA:117,1300
DA:118,1300
LF:7
LH:7
end_of_record
TN:
SF:/Library/Developer/CommandLineTools/SDKs/MacOSX15.1.sdk/usr/include/c++/v1/__algorithm/copy_move_common.h
FNL:0,107,111
FNA:0,1300,_ZNSt3__121__unwrap_and_dispatchB8ne180100INS_10__overloadINS_11__copy_loopINS_17_ClassicAlgPolicyEEENS_14__copy_trivialEEEPKcS8_PcLi0EEENS_4pairIT0_T2_EESB_T1_SC_
FNA:0,0,_ZNSt3__121__unwrap_and_dispatchB8ne180100INS_10__overloadINS_11__copy_loopINS_17_ClassicAlgPolicyEEENS_14__copy_trivialEEEPN7testing8internal13edit_distance8EditTypeESB_SB_Li0EEENS_4pairIT0_T2_EESD_T1_SE_
FNA:0,0,_ZNSt3__121__unwrap_and_dispatchB8ne180100INS_10__overloadINS_11__copy_loopINS_17_ClassicAlgPolicyEEENS_14__copy_trivialEEEPdS7_S7_Li0EEENS_4pairIT0_T2_EES9_T1_SA_
FNA:0,78,_ZNSt3__121__unwrap_and_dispatchB8ne180100INS_10__overloadINS_11__move_loopINS_17_ClassicAlgPolicyEEENS_14__move_trivialEEENS_11__wrap_iterIPNS_12basic_stringIcNS_11char_traitsIcEENS_9allocatorIcEEEEEESF_NS_15insert_iteratorINS_13unordered_setISD_NS_4hashISD_EENS_8equal_toISD_EENSB_ISD_EEEEEELi0EEENS_4pairIT0_T2_EESQ_T1_SR_
FNA:0,78,_ZNSt3__121__unwrap_and_dispatchB8ne180100INS_10__overloadINS_11__move_loopINS_17_ClassicAlgPolicyEEENS_14__move_trivialEEENS_11__wrap_iterIPNS_12basic_stringIcNS_11char_traitsIcEENS_9allocatorIcEEEEEESF_NS_15insert_iteratorINS_6vectorISD_NSB_ISD_EEEEEELi0EEENS_4pairIT0_T2_EESM_T1_SN_
FNA:0,0,_ZNSt3__121__unwrap_and_dispatchB8ne180100INS_10__overloadINS_11__move_loopINS_17_ClassicAlgPolicyEEENS_14__move_trivialEEENS_16reverse_iteratorIPN7testing8internal13edit_distance8EditTypeEEESD_SD_Li0EEENS_4pairIT0_T2_EESF_T1_SG_
FNA:0,0,_ZNSt3__121__unwrap_and_dispatchB8ne180100INS_10__overloadINS_11__move_loopINS_17_ClassicAlgPolicyEEENS_14__move_trivialEEENS_16reverse_iteratorIPPN7testing11EnvironmentEEESC_SC_Li0EEENS_4pairIT0_T2_EESE_T1_SF_
FNA:0,26,_ZNSt3__121__unwrap_and_dispatchB8ne180100INS_10__overloadINS_11__move_loopINS_17_ClassicAlgPolicyEEENS_14__move_trivialEEENS_16reverse_iteratorIPPN7testing17TestEventListenerEEESC_SC_Li0EEENS_4pairIT0_T2_EESE_T1_SF_
FNA:0,156,_ZNSt3__121__unwrap_and_dispatchB8ne180100INS_10__overloadINS_11__move_loopINS_17_ClassicAlgPolicyEEENS_14__move_trivialEEENS_16reverse_iteratorIPPN7testing8TestInfoEEESC_SC_Li0EEENS_4pairIT0_T2_EESE_T1_SF_
FNA:0,26,_ZNSt3__121__unwrap_and_dispatchB8ne180100INS_10__overloadINS_11__move_loopINS_17_ClassicAlgPolicyEEENS_14__move_trivialEEENS_16reverse_iteratorIPPN7testing9TestSuiteEEESC_SC_Li0EEENS_4pairIT0_T2_EESE_T1_SF_
FNA:0,0,_ZNSt3__121__unwrap_and_dispatchB8ne180100INS_10__overloadINS_11__move_loopINS_17_ClassicAlgPolicyEEENS_14__move_trivialEEENS_16reverse_iteratorIPPcEESA_SA_Li0EEENS_4pairIT0_T2_EESC_T1_SD_
FNA:0,182,_ZNSt3__121__unwrap_and_dispatchB8ne180100INS_10__overloadINS_11__move_loopINS_17_ClassicAlgPolicyEEENS_14__move_trivialEEENS_16reverse_iteratorIPiEES9_S9_Li0EEENS_4pairIT0_T2_EESB_T1_SC_
FNA:0,0,_ZNSt3__121__unwrap_and_dispatchB8ne180100INS_10__overloadINS_11__move_loopINS_17_ClassicAlgPolicyEEENS_14__move_trivialEEENS_16reverse_iteratorIPmEES9_S9_Li0EEENS_4pairIT0_T2_EESB_T1_SC_
FNA:0,0,_ZNSt3__121__unwrap_and_dispatchB8ne180100INS_10__overloadINS_11__move_loopINS_17_ClassicAlgPolicyEEENS_14__move_trivialEEEPNS_12basic_stringIcNS_11char_traitsIcEENS_9allocatorIcEEEESD_SD_Li0EEENS_4pairIT0_T2_EESF_T1_SG_
FNA:0,0,_ZNSt3__121__unwrap_and_dispatchB8ne180100INS_10__overloadINS_11__move_loopINS_17_ClassicAlgPolicyEEENS_14__move_trivialEEEPPN7testing17TestEventListenerESA_SA_Li0EEENS_4pairIT0_T2_EESC_T1_SD_
FNA:0,0,_ZNSt3__121__unwrap_and_dispatchB8ne180100INS_10__overloadINS_11__move_loopINS_17_ClassicAlgPolicyEEENS_14__move_trivialEEEPPN7testing9TestSuiteESA_SA_Li0EEENS_4pairIT0_T2_EESC_T1_SD_
FNA:0,0,_ZNSt3__121__unwrap_and_dispatchB8ne180100INS_10__overloadINS_11__move_loopINS_17_ClassicAlgPolicyEEENS_14__move_trivialEEEPPcS8_S8_Li0EEENS_4pairIT0_T2_EESA_T1_SB_
FNA:0,0,_ZNSt3__121__unwrap_and_dispatchB8ne180100INS_10__overloadINS_11__move_loopINS_17_ClassicAlgPolicyEEENS_14__move_trivialEEEPcS7_S7_Li0EEENS_4pairIT0_T2_EES9_T1_SA_
FNA:0,0,_ZNSt3__121__unwrap_and_dispatchB8ne180100INS_10__overloadINS_20__move_backward_loopINS_17_ClassicAlgPolicyEEENS_23__move_backward_trivialEEEPNS_12basic_stringIcNS_11char_traitsIcEENS_9allocatorIcEEEESD_SD_Li0EEENS_4pairIT0_T2_EESF_T1_SG_
FNA:0,0,_ZNSt3__121__unwrap_and_dispatchB8ne180100INS_10__overloadINS_20__move_backward_loopINS_17_ClassicAlgPolicyEEENS_23__move_backward_trivialEEEPPN7testing9TestSuiteESA_SA_Li0EEENS_4pairIT0_T2_EESC_T1_SD_
FNA:0,0,_ZNSt3__121__unwrap_and_dispatchB8ne180100INS_10__overloadINS_20__move_backward_loopINS_17_ClassicAlgPolicyEEENS_23__move_backward_trivialEEEPPcS8_S8_Li0EEENS_4pairIT0_T2_EESA_T1_SB_
FNA:0,2,_ZNSt3__121__unwrap_and_dispatchB8ne180100INS_10__overloadINS_20__move_backward_loopINS_17_ClassicAlgPolicyEEENS_23__move_backward_trivialEEEPcS7_S7_Li0EEENS_4pairIT0_T2_EES9_T1_SA_
FNL:1,131,133
FNA:1,1300,_ZNSt3__123__dispatch_copy_or_moveB8ne180100INS_17_ClassicAlgPolicyENS_11__copy_loopIS1_EENS_14__copy_trivialEPKcS6_PcEENS_4pairIT2_T4_EES9_T3_SA_
FNA:1,0,_ZNSt3__123__dispatch_copy_or_moveB8ne180100INS_17_ClassicAlgPolicyENS_11__copy_loopIS1_EENS_14__copy_trivialEPN7testing8internal13edit_distance8EditTypeES9_S9_EENS_4pairIT2_T4_EESB_T3_SC_
FNA:1,0,_ZNSt3__123__dispatch_copy_or_moveB8ne180100INS_17_ClassicAlgPolicyENS_11__copy_loopIS1_EENS_14__copy_trivialEPdS5_S5_EENS_4pairIT2_T4_EES7_T3_S8_
FNA:1,78,_ZNSt3__123__dispatch_copy_or_moveB8ne180100INS_17_ClassicAlgPolicyENS_11__move_loopIS1_EENS_14__move_trivialENS_11__wrap_iterIPNS_12basic_stringIcNS_11char_traitsIcEENS_9allocatorIcEEEEEESD_NS_15insert_iteratorINS_13unordered_setISB_NS_4hashISB_EENS_8equal_toISB_EENS9_ISB_EEEEEEEENS_4pairIT2_T4_EESO_T3_SP_
FNA:1,78,_ZNSt3__123__dispatch_copy_or_moveB8ne180100INS_17_ClassicAlgPolicyENS_11__move_loopIS1_EENS_14__move_trivialENS_11__wrap_iterIPNS_12basic_stringIcNS_11char_traitsIcEENS_9allocatorIcEEEEEESD_NS_15insert_iteratorINS_6vectorISB_NS9_ISB_EEEEEEEENS_4pairIT2_T4_EESK_T3_SL_
FNA:1,0,_ZNSt3__123__dispatch_copy_or_moveB8ne180100INS_17_ClassicAlgPolicyENS_11__move_loopIS1_EENS_14__move_trivialENS_16reverse_iteratorIPN7testing8internal13edit_distance8EditTypeEEESB_SB_EENS_4pairIT2_T4_EESD_T3_SE_
FNA:1,0,_ZNSt3__123__dispatch_copy_or_moveB8ne180100INS_17_ClassicAlgPolicyENS_11__move_loopIS1_EENS_14__move_trivialENS_16reverse_iteratorIPPN7testing11EnvironmentEEESA_SA_EENS_4pairIT2_T4_EESC_T3_SD_
FNA:1,26,_ZNSt3__123__dispatch_copy_or_moveB8ne180100INS_17_ClassicAlgPolicyENS_11__move_loopIS1_EENS_14__move_trivialENS_16reverse_iteratorIPPN7testing17TestEventListenerEEESA_SA_EENS_4pairIT2_T4_EESC_T3_SD_
FNA:1,156,_ZNSt3__123__dispatch_copy_or_moveB8ne180100INS_17_ClassicAlgPolicyENS_11__move_loopIS1_EENS_14__move_trivialENS_16reverse_iteratorIPPN7testing8TestInfoEEESA_SA_EENS_4pairIT2_T4_EESC_T3_SD_
FNA:1,26,_ZNSt3__123__dispatch_copy_or_moveB8ne180100INS_17_ClassicAlgPolicyENS_11__move_loopIS1_EENS_14__move_trivialENS_16reverse_iteratorIPPN7testing9TestSuiteEEESA_SA_EENS_4pairIT2_T4_EESC_T3_SD_
FNA:1,0,_ZNSt3__123__dispatch_copy_or_moveB8ne180100INS_17_ClassicAlgPolicyENS_11__move_loopIS1_EENS_14__move_trivialENS_16reverse_iteratorIPPcEES8_S8_EENS_4pairIT2_T4_EESA_T3_SB_
FNA:1,182,_ZNSt3__123__dispatch_copy_or_moveB8ne180100INS_17_ClassicAlgPolicyENS_11__move_loopIS1_EENS_14__move_trivialENS_16reverse_iteratorIPiEES7_S7_EENS_4pairIT2_T4_EES9_T3_SA_
FNA:1,0,_ZNSt3__123__dispatch_copy_or_moveB8ne180100INS_17_ClassicAlgPolicyENS_11__move_loopIS1_EENS_14__move_trivialENS_16reverse_iteratorIPmEES7_S7_EENS_4pairIT2_T4_EES9_T3_SA_
FNA:1,0,_ZNSt3__123__dispatch_copy_or_moveB8ne180100INS_17_ClassicAlgPolicyENS_11__move_loopIS1_EENS_14__move_trivialEPNS_12basic_stringIcNS_11char_traitsIcEENS_9allocatorIcEEEESB_SB_EENS_4pairIT2_T4_EESD_T3_SE_
FNA:1,0,_ZNSt3__123__dispatch_copy_or_moveB8ne180100INS_17_ClassicAlgPolicyENS_11__move_loopIS1_EENS_14__move_trivialEPPN7testing17TestEventListenerES8_S8_EENS_4pairIT2_T4_EESA_T3_SB_
FNA:1,0,_ZNSt3__123__dispatch_copy_or_moveB8ne180100INS_17_ClassicAlgPolicyENS_11__move_loopIS1_EENS_14__move_trivialEPPN7testing9TestSuiteES8_S8_EENS_4pairIT2_T4_EESA_T3_SB_
FNA:1,0,_ZNSt3__123__dispatch_copy_or_moveB8ne180100INS_17_ClassicAlgPolicyENS_11__move_loopIS1_EENS_14__move_trivialEPPcS6_S6_EENS_4pairIT2_T4_EES8_T3_S9_
FNA:1,0,_ZNSt3__123__dispatch_copy_or_moveB8ne180100INS_17_ClassicAlgPolicyENS_11__move_loopIS1_EENS_14__move_trivialEPcS5_S5_EENS_4pairIT2_T4_EES7_T3_S8_
FNA:1,0,_ZNSt3__123__dispatch_copy_or_moveB8ne180100INS_17_ClassicAlgPolicyENS_20__move_backward_loopIS1_EENS_23__move_backward_trivialEPNS_12basic_stringIcNS_11char_traitsIcEENS_9allocatorIcEEEESB_SB_EENS_4pairIT2_T4_EESD_T3_SE_
FNA:1,0,_ZNSt3__123__dispatch_copy_or_moveB8ne180100INS_17_ClassicAlgPolicyENS_20__move_backward_loopIS1_EENS_23__move_backward_trivialEPPN7testing9TestSuiteES8_S8_EENS_4pairIT2_T4_EESA_T3_SB_
FNA:1,0,_ZNSt3__123__dispatch_copy_or_moveB8ne180100INS_17_ClassicAlgPolicyENS_20__move_backward_loopIS1_EENS_23__move_backward_trivialEPPcS6_S6_EENS_4pairIT2_T4_EES8_T3_S9_
FNA:1,2,_ZNSt3__123__dispatch_copy_or_moveB8ne180100INS_17_ClassicAlgPolicyENS_20__move_backward_loopIS1_EENS_23__move_backward_trivialEPcS5_S5_EENS_4pairIT2_T4_EES7_T3_S8_
FNL:2,63,68
FNA:2,1300,_ZNSt3__119__copy_trivial_implB8ne180100IKccEENS_4pairIPT_PT0_EES4_S4_S6_
FNA:2,0,_ZNSt3__119__copy_trivial_implB8ne180100IN7testing8internal13edit_distance8EditTypeES4_EENS_4pairIPT_PT0_EES7_S7_S9_
FNA:2,0,_ZNSt3__119__copy_trivial_implB8ne180100IPN7testing17TestEventListenerES3_EENS_4pairIPT_PT0_EES6_S6_S8_
FNA:2,0,_ZNSt3__119__copy_trivial_implB8ne180100IPN7testing9TestSuiteES3_EENS_4pairIPT_PT0_EES6_S6_S8_
FNA:2,0,_ZNSt3__119__copy_trivial_implB8ne180100IPcS1_EENS_4pairIPT_PT0_EES4_S4_S6_
FNA:2,0,_ZNSt3__119__copy_trivial_implB8ne180100IccEENS_4pairIPT_PT0_EES3_S3_S5_
FNA:2,0,_ZNSt3__119__copy_trivial_implB8ne180100IddEENS_4pairIPT_PT0_EES3_S3_S5_
FNL:3,73,79
FNA:3,0,_ZNSt3__128__copy_backward_trivial_implB8ne180100IPN7testing9TestSuiteES3_EENS_4pairIPT_PT0_EES6_S6_S8_
FNA:3,0,_ZNSt3__128__copy_backward_trivial_implB8ne180100IPcS1_EENS_4pairIPT_PT0_EES4_S4_S6_
FNA:3,2,_ZNSt3__128__copy_backward_trivial_implB8ne180100IccEENS_4pairIPT_PT0_EES3_S3_S5_
FNF:4
FNH:4
DA:63,1300
DA:64,1300
DA:66,1300
DA:68,1300
DA:73,2
DA:74,2
DA:75,2
DA:77,2
DA:79,2
DA:107,1848
DA:108,1848
DA:109,1848
DA:110,3696
DA:111,1848
DA:131,1848
DA:133,1848
LF:16
LH:16
end_of_record
TN:
SF:/Library/Developer/CommandLineTools/SDKs/MacOSX15.1.sdk/usr/include/c++/v1/__algorithm/copy_n.h
FNL:0,51,55
FNA:0,1300,_ZNSt3__16copy_nB8ne180100IPKcmPcLi0EEET1_T_T0_S4_
FNF:1
FNH:1
DA:51,1300
DA:54,1300
DA:55,1300
LF:3
LH:3
end_of_record
TN:
SF:/Library/Developer/CommandLineTools/SDKs/MacOSX15.1.sdk/usr/include/c++/v1/__algorithm/fill_n.h
FNL:0,26,29
FNA:0,650,_ZNSt3__18__fill_nB8ne180100IPcmcEET_S2_T0_RKT1_
FNL:1,34,35
FNA:1,650,_ZNSt3__16fill_nB8ne180100IPcmcEET_S2_T0_RKT1_
FNF:2
FNH:2
DA:26,650
DA:27,1300
DA:28,650
DA:29,650
DA:34,650
DA:35,650
LF:6
LH:6
end_of_record
TN:
SF:/Library/Developer/CommandLineTools/SDKs/MacOSX15.1.sdk/usr/include/c++/v1/__algorithm/find.h
FNL:0,177,180
FNA:0,0,_ZNSt3__14findB8ne180100INS_11__wrap_iterIPKNS_12basic_stringIcNS_11char_traitsIcEENS_9allocatorIcEEEEEES7_EET_SB_SB_RKT0_
FNL:1,46,50
FNA:1,0,_ZNSt3__111__find_implB8ne180100IPKNS_12basic_stringIcNS_11char_traitsIcEENS_9allocatorIcEEEES8_S6_NS_10__identityEEET_SA_T0_RKT1_RT2_
FNF:2
FNH:0
DA:46,0
DA:47,0
DA:48,0
DA:49,0
DA:50,0
DA:177,0
DA:179,0
DA:180,0
LF:8
LH:0
end_of_record
TN:
SF:/Library/Developer/CommandLineTools/SDKs/MacOSX15.1.sdk/usr/include/c++/v1/__algorithm/find_if.h
FNL:0,23,27
FNA:0,0,_ZNSt3__17find_ifB8ne180100INS_11__wrap_iterIPN7testing12TestPropertyEEENS2_8internal17TestPropertyKeyIsEEET_S8_S8_T0_
FNA:0,650,_ZNSt3__17find_ifB8ne180100INS_16reverse_iteratorINS_11__wrap_iterIPPN7testing9TestSuiteEEEEENS3_8internal15TestSuiteNameIsEEET_SB_SB_T0_
FNF:1
FNH:1
DA:23,650
DA:24,650
DA:25,624
DA:26,624
DA:27,650
LF:5
LH:5
end_of_record
TN:
SF:/Library/Developer/CommandLineTools/SDKs/MacOSX15.1.sdk/usr/include/c++/v1/__algorithm/for_each.h
FNL:0,32,35
FNA:0,25,_ZNSt3__18for_eachB8ne180100INS_11__wrap_iterIPKPN7testing11EnvironmentEEEPFvS4_EEET0_T_SB_SA_
FNA:0,0,_ZNSt3__18for_eachB8ne180100INS_11__wrap_iterIPKPN7testing17TestEventListenerEEEPFvS4_EEET0_T_SB_SA_
FNA:0,25,_ZNSt3__18for_eachB8ne180100INS_11__wrap_iterIPKPN7testing8TestInfoEEEPFvS4_EEET0_T_SB_SA_
FNA:0,25,_ZNSt3__18for_eachB8ne180100INS_11__wrap_iterIPKPN7testing9TestSuiteEEEPFvS4_EEET0_T_SB_SA_
FNA:0,25,_ZNSt3__18for_eachB8ne180100INS_16reverse_iteratorINS_11__wrap_iterIPPN7testing11EnvironmentEEEEEPFvS5_EEET0_T_SC_SB_
FNF:1
FNH:1
DA:32,100
DA:33,750
DA:34,650
DA:35,100
LF:4
LH:4
end_of_record
TN:
SF:/Library/Developer/CommandLineTools/SDKs/MacOSX15.1.sdk/usr/include/c++/v1/__algorithm/iter_swap.h
FNL:0,23,27
FNA:0,0,_ZNSt3__19iter_swapB8ne180100INS_11__wrap_iterIPN7testing8internal13edit_distance8EditTypeEEES7_EEvT_T0_
FNA:0,0,_ZNSt3__19iter_swapB8ne180100INS_11__wrap_iterIPNS_12basic_stringIcNS_11char_traitsIcEENS_9allocatorIcEEEEEES9_EEvT_T0_
FNA:0,0,_ZNSt3__19iter_swapB8ne180100IPcS1_EEvT_T0_
FNF:1
FNH:0
DA:23,0
DA:26,0
DA:27,0
LF:3
LH:0
end_of_record
TN:
SF:/Library/Developer/CommandLineTools/SDKs/MacOSX15.1.sdk/usr/include/c++/v1/__algorithm/iterator_operations.h
FNL:0,102,108
FNA:0,0,_ZNSt3__18_IterOpsINS_17_ClassicAlgPolicyEE25__validate_iter_referenceB8ne180100IRNS_16reverse_iteratorIPN7testing8internal13edit_distance8EditTypeEEEEEvv
FNA:0,0,_ZNSt3__18_IterOpsINS_17_ClassicAlgPolicyEE25__validate_iter_referenceB8ne180100IRNS_16reverse_iteratorIPPN7testing11EnvironmentEEEEEvv
FNA:0,0,_ZNSt3__18_IterOpsINS_17_ClassicAlgPolicyEE25__validate_iter_referenceB8ne180100IRNS_16reverse_iteratorIPPN7testing17TestEventListenerEEEEEvv
FNA:0,806,_ZNSt3__18_IterOpsINS_17_ClassicAlgPolicyEE25__validate_iter_referenceB8ne180100IRNS_16reverse_iteratorIPPN7testing8TestInfoEEEEEvv
FNA:0,0,_ZNSt3__18_IterOpsINS_17_ClassicAlgPolicyEE25__validate_iter_referenceB8ne180100IRNS_16reverse_iteratorIPPN7testing9TestSuiteEEEEEvv
FNA:0,0,_ZNSt3__18_IterOpsINS_17_ClassicAlgPolicyEE25__validate_iter_referenceB8ne180100IRNS_16reverse_iteratorIPPcEEEEvv
FNA:0,806,_ZNSt3__18_IterOpsINS_17_ClassicAlgPolicyEE25__validate_iter_referenceB8ne180100IRNS_16reverse_iteratorIPiEEEEvv
FNA:0,0,_ZNSt3__18_IterOpsINS_17_ClassicAlgPolicyEE25__validate_iter_referenceB8ne180100IRNS_16reverse_iteratorIPmEEEEvv
FNA:0,130,_ZNSt3__18_IterOpsINS_17_ClassicAlgPolicyEE25__validate_iter_referenceB8ne180100IRPNS_12basic_stringIcNS_11char_traitsIcEENS_9allocatorIcEEEEEEvv
FNA:0,16,_ZNSt3__18_IterOpsINS_17_ClassicAlgPolicyEE25__validate_iter_referenceB8ne180100IRPcEEvv
FNL:1,116,119
FNA:1,0,_ZNSt3__18_IterOpsINS_17_ClassicAlgPolicyEE11__iter_moveB8ne180100IRNS_16reverse_iteratorIPN7testing8internal13edit_distance8EditTypeEEELi0EEEDTclsr3stdE4movedeclsr3stdE7declvalIRT_EEEEOSC_
FNA:1,0,_ZNSt3__18_IterOpsINS_17_ClassicAlgPolicyEE11__iter_moveB8ne180100IRNS_16reverse_iteratorIPPN7testing11EnvironmentEEELi0EEEDTclsr3stdE4movedeclsr3stdE7declvalIRT_EEEEOSB_
FNA:1,0,_ZNSt3__18_IterOpsINS_17_ClassicAlgPolicyEE11__iter_moveB8ne180100IRNS_16reverse_iteratorIPPN7testing17TestEventListenerEEELi0EEEDTclsr3stdE4movedeclsr3stdE7declvalIRT_EEEEOSB_
FNA:1,806,_ZNSt3__18_IterOpsINS_17_ClassicAlgPolicyEE11__iter_moveB8ne180100IRNS_16reverse_iteratorIPPN7testing8TestInfoEEELi0EEEDTclsr3stdE4movedeclsr3stdE7declvalIRT_EEEEOSB_
FNA:1,0,_ZNSt3__18_IterOpsINS_17_ClassicAlgPolicyEE11__iter_moveB8ne180100IRNS_16reverse_iteratorIPPN7testing9TestSuiteEEELi0EEEDTclsr3stdE4movedeclsr3stdE7declvalIRT_EEEEOSB_
FNA:1,0,_ZNSt3__18_IterOpsINS_17_ClassicAlgPolicyEE11__iter_moveB8ne180100IRNS_16reverse_iteratorIPPcEELi0EEEDTclsr3stdE4movedeclsr3stdE7declvalIRT_EEEEOS9_
FNA:1,806,_ZNSt3__18_IterOpsINS_17_ClassicAlgPolicyEE11__iter_moveB8ne180100IRNS_16reverse_iteratorIPiEELi0EEEDTclsr3stdE4movedeclsr3stdE7declvalIRT_EEEEOS8_
FNA:1,0,_ZNSt3__18_IterOpsINS_17_ClassicAlgPolicyEE11__iter_moveB8ne180100IRNS_16reverse_iteratorIPmEELi0EEEDTclsr3stdE4movedeclsr3stdE7declvalIRT_EEEEOS8_
FNA:1,130,_ZNSt3__18_IterOpsINS_17_ClassicAlgPolicyEE11__iter_moveB8ne180100IRPNS_12basic_stringIcNS_11char_traitsIcEENS_9allocatorIcEEEELi0EEEDTclsr3stdE4movedeclsr3stdE7declvalIRT_EEEEOSC_
FNA:1,16,_ZNSt3__18_IterOpsINS_17_ClassicAlgPolicyEE11__iter_moveB8ne180100IRPcLi0EEEDTclsr3stdE4movedeclsr3stdE7declvalIRT_EEEEOS6_
FNL:2,136,138
FNA:2,0,_ZNSt3__18_IterOpsINS_17_ClassicAlgPolicyEE9iter_swapB8ne180100IRNS_11__wrap_iterIPN7testing8internal13edit_distance8EditTypeEEESB_EEvOT_OT0_
FNA:2,0,_ZNSt3__18_IterOpsINS_17_ClassicAlgPolicyEE9iter_swapB8ne180100IRNS_11__wrap_iterIPNS_12basic_stringIcNS_11char_traitsIcEENS_9allocatorIcEEEEEESD_EEvOT_OT0_
FNA:2,0,_ZNSt3__18_IterOpsINS_17_ClassicAlgPolicyEE9iter_swapB8ne180100IRPcS5_EEvOT_OT0_
FNL:3,142,143
FNA:3,78,_ZNSt3__18_IterOpsINS_17_ClassicAlgPolicyEE4nextB8ne180100INS_11__wrap_iterIPNS_12basic_stringIcNS_11char_traitsIcEENS_9allocatorIcEEEEEEEET_SD_SD_
FNA:3,0,_ZNSt3__18_IterOpsINS_17_ClassicAlgPolicyEE4nextB8ne180100IPNS_12basic_stringIcNS_11char_traitsIcEENS_9allocatorIcEEEEEET_SB_SB_
FNA:3,4,_ZNSt3__18_IterOpsINS_17_ClassicAlgPolicyEE4nextB8ne180100IPcEET_S5_S5_
FNL:4,148,149
FNA:4,8,_ZNSt3__18_IterOpsINS_17_ClassicAlgPolicyEE4nextB8ne180100IRPcEEu14__remove_cvrefIT_EOS6_NS_15iterator_traitsIS7_E15difference_typeE
FNL:5,155,156
FNA:5,2,_ZNSt3__18_IterOpsINS_17_ClassicAlgPolicyEE4prevB8ne180100IRPcEEu14__remove_cvrefIT_EOS6_NS_15iterator_traitsIS7_E15difference_typeE
FNL:6,91,92
FNA:6,14,_ZNSt3__18_IterOpsINS_17_ClassicAlgPolicyEE8distanceB8ne180100IPcEENS_15iterator_traitsIT_E15difference_typeES6_S6_
FNF:7
FNH:6
DA:91,14
DA:92,14
DA:102,1758
DA:108,1758
DA:116,1758
DA:117,1758
DA:119,1758
DA:136,0
DA:137,0
DA:138,0
DA:142,82
DA:143,82
DA:148,8
DA:149,8
DA:155,2
DA:156,2
LF:16
LH:13
end_of_record
TN:
SF:/Library/Developer/CommandLineTools/SDKs/MacOSX15.1.sdk/usr/include/c++/v1/__algorithm/max.h
FNL:0,29,30
FNA:0,652,_ZNSt3__13maxB8ne180100ImNS_6__lessIvvEEEERKT_S5_S5_T0_
FNL:1,35,36
FNA:1,652,_ZNSt3__13maxB8ne180100ImEERKT_S3_S3_
FNF:2
FNH:2
DA:29,652
DA:30,652
DA:35,652
DA:36,652
LF:4
LH:4
end_of_record
TN:
SF:/Library/Developer/CommandLineTools/SDKs/MacOSX15.1.sdk/usr/include/c++/v1/__algorithm/min.h
FNL:0,29,30
FNA:0,0,_ZNSt3__13minB8ne180100IdNS_6__lessIvvEEEERKT_S5_S5_T0_
FNA:0,703,_ZNSt3__13minB8ne180100ImNS_6__lessIvvEEEERKT_S5_S5_T0_
FNL:1,35,36
FNA:1,0,_ZNSt3__13minB8ne180100IdEERKT_S3_S3_
FNA:1,703,_ZNSt3__13minB8ne180100ImEERKT_S3_S3_
FNF:2
FNH:2
DA:29,703
DA:30,703
DA:35,703
DA:36,703
LF:4
LH:4
end_of_record
TN:
SF:/Library/Developer/CommandLineTools/SDKs/MacOSX15.1.sdk/usr/include/c++/v1/__algorithm/move.h
FNL:0,104,105
FNA:0,0,_ZNKSt3__114__move_trivialclB8ne180100IPN7testing17TestEventListenerES4_Li0EEENS_4pairIPT_PT0_EES7_S7_S9_
FNA:0,0,_ZNKSt3__114__move_trivialclB8ne180100IPN7testing9TestSuiteES4_Li0EEENS_4pairIPT_PT0_EES7_S7_S9_
FNA:0,0,_ZNKSt3__114__move_trivialclB8ne180100IPcS2_Li0EEENS_4pairIPT_PT0_EES5_S5_S7_
FNA:0,0,_ZNKSt3__114__move_trivialclB8ne180100IccLi0EEENS_4pairIPT_PT0_EES4_S4_S6_
FNL:1,111,113
FNA:1,78,_ZNSt3__16__moveB8ne180100INS_17_ClassicAlgPolicyENS_11__wrap_iterIPNS_12basic_stringIcNS_11char_traitsIcEENS_9allocatorIcEEEEEESA_NS_15insert_iteratorINS_13unordered_setIS8_NS_4hashIS8_EENS_8equal_toIS8_EENS6_IS8_EEEEEEEENS_4pairIT0_T2_EESL_T1_SM_
FNA:1,78,_ZNSt3__16__moveB8ne180100INS_17_ClassicAlgPolicyENS_11__wrap_iterIPNS_12basic_stringIcNS_11char_traitsIcEENS_9allocatorIcEEEEEESA_NS_15insert_iteratorINS_6vectorIS8_NS6_IS8_EEEEEEEENS_4pairIT0_T2_EESH_T1_SI_
FNA:1,0,_ZNSt3__16__moveB8ne180100INS_17_ClassicAlgPolicyENS_16reverse_iteratorIPN7testing8internal13edit_distance8EditTypeEEES8_S8_EENS_4pairIT0_T2_EESA_T1_SB_
FNA:1,0,_ZNSt3__16__moveB8ne180100INS_17_ClassicAlgPolicyENS_16reverse_iteratorIPPN7testing11EnvironmentEEES7_S7_EENS_4pairIT0_T2_EES9_T1_SA_
FNA:1,26,_ZNSt3__16__moveB8ne180100INS_17_ClassicAlgPolicyENS_16reverse_iteratorIPPN7testing17TestEventListenerEEES7_S7_EENS_4pairIT0_T2_EES9_T1_SA_
FNA:1,156,_ZNSt3__16__moveB8ne180100INS_17_ClassicAlgPolicyENS_16reverse_iteratorIPPN7testing8TestInfoEEES7_S7_EENS_4pairIT0_T2_EES9_T1_SA_
FNA:1,26,_ZNSt3__16__moveB8ne180100INS_17_ClassicAlgPolicyENS_16reverse_iteratorIPPN7testing9TestSuiteEEES7_S7_EENS_4pairIT0_T2_EES9_T1_SA_
FNA:1,0,_ZNSt3__16__moveB8ne180100INS_17_ClassicAlgPolicyENS_16reverse_iteratorIPPcEES5_S5_EENS_4pairIT0_T2_EES7_T1_S8_
FNA:1,182,_ZNSt3__16__moveB8ne180100INS_17_ClassicAlgPolicyENS_16reverse_iteratorIPiEES4_S4_EENS_4pairIT0_T2_EES6_T1_S7_
FNA:1,0,_ZNSt3__16__moveB8ne180100INS_17_ClassicAlgPolicyENS_16reverse_iteratorIPmEES4_S4_EENS_4pairIT0_T2_EES6_T1_S7_
FNA:1,0,_ZNSt3__16__moveB8ne180100INS_17_ClassicAlgPolicyEPNS_12basic_stringIcNS_11char_traitsIcEENS_9allocatorIcEEEES8_S8_EENS_4pairIT0_T2_EESA_T1_SB_
FNA:1,0,_ZNSt3__16__moveB8ne180100INS_17_ClassicAlgPolicyEPPN7testing17TestEventListenerES5_S5_EENS_4pairIT0_T2_EES7_T1_S8_
FNA:1,0,_ZNSt3__16__moveB8ne180100INS_17_ClassicAlgPolicyEPPN7testing9TestSuiteES5_S5_EENS_4pairIT0_T2_EES7_T1_S8_
FNA:1,0,_ZNSt3__16__moveB8ne180100INS_17_ClassicAlgPolicyEPPcS3_S3_EENS_4pairIT0_T2_EES5_T1_S6_
FNA:1,0,_ZNSt3__16__moveB8ne180100INS_17_ClassicAlgPolicyEPcS2_S2_EENS_4pairIT0_T2_EES4_T1_S5_
FNL:2,118,122
FNA:2,78,_ZNSt3__14moveB8ne180100INS_11__wrap_iterIPNS_12basic_stringIcNS_11char_traitsIcEENS_9allocatorIcEEEEEENS_15insert_iteratorINS_13unordered_setIS7_NS_4hashIS7_EENS_8equal_toIS7_EENS5_IS7_EEEEEEEET0_T_SK_SJ_
FNA:2,78,_ZNSt3__14moveB8ne180100INS_11__wrap_iterIPNS_12basic_stringIcNS_11char_traitsIcEENS_9allocatorIcEEEEEENS_15insert_iteratorINS_6vectorIS7_NS5_IS7_EEEEEEEET0_T_SG_SF_
FNA:2,0,_ZNSt3__14moveB8ne180100INS_16reverse_iteratorIPN7testing8internal13edit_distance8EditTypeEEES7_EET0_T_S9_S8_
FNA:2,0,_ZNSt3__14moveB8ne180100INS_16reverse_iteratorIPPN7testing11EnvironmentEEES6_EET0_T_S8_S7_
FNA:2,26,_ZNSt3__14moveB8ne180100INS_16reverse_iteratorIPPN7testing17TestEventListenerEEES6_EET0_T_S8_S7_
FNA:2,156,_ZNSt3__14moveB8ne180100INS_16reverse_iteratorIPPN7testing8TestInfoEEES6_EET0_T_S8_S7_
FNA:2,26,_ZNSt3__14moveB8ne180100INS_16reverse_iteratorIPPN7testing9TestSuiteEEES6_EET0_T_S8_S7_
FNA:2,0,_ZNSt3__14moveB8ne180100INS_16reverse_iteratorIPPcEES4_EET0_T_S6_S5_
FNA:2,182,_ZNSt3__14moveB8ne180100INS_16reverse_iteratorIPiEES3_EET0_T_S5_S4_
FNA:2,0,_ZNSt3__14moveB8ne180100INS_16reverse_iteratorIPmEES3_EET0_T_S5_S4_
FNA:2,0,_ZNSt3__14moveB8ne180100IPNS_12basic_stringIcNS_11char_traitsIcEENS_9allocatorIcEEEES7_EET0_T_S9_S8_
FNA:2,0,_ZNSt3__14moveB8ne180100IPPN7testing17TestEventListenerES4_EET0_T_S6_S5_
FNA:2,0,_ZNSt3__14moveB8ne180100IPPN7testing9TestSuiteES4_EET0_T_S6_S5_
FNA:2,0,_ZNSt3__14moveB8ne180100IPPcS2_EET0_T_S4_S3_
FNL:3,40,46
FNA:3,0,_ZNKSt3__111__move_loopINS_17_ClassicAlgPolicyEEclB8ne180100INS_16reverse_iteratorIPN7testing8internal13edit_distance8EditTypeEEESA_SA_EENS_4pairIT_T1_EESC_T0_SD_
FNA:3,0,_ZNKSt3__111__move_loopINS_17_ClassicAlgPolicyEEclB8ne180100INS_16reverse_iteratorIPPN7testing11EnvironmentEEES9_S9_EENS_4pairIT_T1_EESB_T0_SC_
FNA:3,26,_ZNKSt3__111__move_loopINS_17_ClassicAlgPolicyEEclB8ne180100INS_16reverse_iteratorIPPN7testing17TestEventListenerEEES9_S9_EENS_4pairIT_T1_EESB_T0_SC_
FNA:3,156,_ZNKSt3__111__move_loopINS_17_ClassicAlgPolicyEEclB8ne180100INS_16reverse_iteratorIPPN7testing8TestInfoEEES9_S9_EENS_4pairIT_T1_EESB_T0_SC_
FNA:3,26,_ZNKSt3__111__move_loopINS_17_ClassicAlgPolicyEEclB8ne180100INS_16reverse_iteratorIPPN7testing9TestSuiteEEES9_S9_EENS_4pairIT_T1_EESB_T0_SC_
FNA:3,0,_ZNKSt3__111__move_loopINS_17_ClassicAlgPolicyEEclB8ne180100INS_16reverse_iteratorIPPcEES7_S7_EENS_4pairIT_T1_EES9_T0_SA_
FNA:3,182,_ZNKSt3__111__move_loopINS_17_ClassicAlgPolicyEEclB8ne180100INS_16reverse_iteratorIPiEES6_S6_EENS_4pairIT_T1_EES8_T0_S9_
FNA:3,0,_ZNKSt3__111__move_loopINS_17_ClassicAlgPolicyEEclB8ne180100INS_16reverse_iteratorIPmEES6_S6_EENS_4pairIT_T1_EES8_T0_S9_
FNA:3,78,_ZNKSt3__111__move_loopINS_17_ClassicAlgPolicyEEclB8ne180100IPNS_12basic_stringIcNS_11char_traitsIcEENS_9allocatorIcEEEESA_NS_15insert_iteratorINS_13unordered_setIS9_NS_4hashIS9_EENS_8equal_toIS9_EENS7_IS9_EEEEEEEENS_4pairIT_T1_EESL_T0_SM_
FNA:3,78,_ZNKSt3__111__move_loopINS_17_ClassicAlgPolicyEEclB8ne180100IPNS_12basic_stringIcNS_11char_traitsIcEENS_9allocatorIcEEEESA_NS_15insert_iteratorINS_6vectorIS9_NS7_IS9_EEEEEEEENS_4pairIT_T1_EESH_T0_SI_
FNA:3,0,_ZNKSt3__111__move_loopINS_17_ClassicAlgPolicyEEclB8ne180100IPNS_12basic_stringIcNS_11char_traitsIcEENS_9allocatorIcEEEESA_SA_EENS_4pairIT_T1_EESC_T0_SD_
FNF:4
FNH:3
DA:40,546
DA:41,2288
DA:42,1742
DA:43,1742
DA:44,1742
DA:46,546
DA:104,0
DA:105,0
DA:111,546
DA:112,546
DA:113,546
DA:118,546
DA:122,546
LF:13
LH:11
end_of_record
TN:
SF:/Library/Developer/CommandLineTools/SDKs/MacOSX15.1.sdk/usr/include/c++/v1/__algorithm/move_backward.h
FNL:0,113,114
FNA:0,0,_ZNKSt3__123__move_backward_trivialclB8ne180100IPN7testing9TestSuiteES4_Li0EEENS_4pairIPT_PT0_EES7_S7_S9_
FNA:0,0,_ZNKSt3__123__move_backward_trivialclB8ne180100IPcS2_Li0EEENS_4pairIPT_PT0_EES5_S5_S7_
FNA:0,2,_ZNKSt3__123__move_backward_trivialclB8ne180100IccLi0EEENS_4pairIPT_PT0_EES4_S4_S6_
FNL:1,120,126
FNA:1,0,_ZNSt3__115__move_backwardB8ne180100INS_17_ClassicAlgPolicyEPNS_12basic_stringIcNS_11char_traitsIcEENS_9allocatorIcEEEES8_S8_EENS_4pairIT0_T2_EESA_T1_SB_
FNA:1,0,_ZNSt3__115__move_backwardB8ne180100INS_17_ClassicAlgPolicyEPPN7testing9TestSuiteES5_S5_EENS_4pairIT0_T2_EES7_T1_S8_
FNA:1,0,_ZNSt3__115__move_backwardB8ne180100INS_17_ClassicAlgPolicyEPPcS3_S3_EENS_4pairIT0_T2_EES5_T1_S6_
FNA:1,2,_ZNSt3__115__move_backwardB8ne180100INS_17_ClassicAlgPolicyEPcS2_S2_EENS_4pairIT0_T2_EES4_T1_S5_
FNL:2,131,132
FNA:2,0,_ZNSt3__113move_backwardB8ne180100IPNS_12basic_stringIcNS_11char_traitsIcEENS_9allocatorIcEEEES7_EET0_T_S9_S8_
FNA:2,0,_ZNSt3__113move_backwardB8ne180100IPPN7testing9TestSuiteES4_EET0_T_S6_S5_
FNA:2,0,_ZNSt3__113move_backwardB8ne180100IPPcS2_EET0_T_S4_S3_
FNL:3,39,47
FNA:3,0,_ZNKSt3__120__move_backward_loopINS_17_ClassicAlgPolicyEEclB8ne180100IPNS_12basic_stringIcNS_11char_traitsIcEENS_9allocatorIcEEEESA_SA_EENS_4pairIT_T1_EESC_T0_SD_
FNF:4
FNH:2
DA:39,0
DA:40,0
DA:41,0
DA:43,0
DA:44,0
DA:47,0
DA:113,2
DA:114,2
DA:120,2
DA:125,2
DA:126,2
DA:131,0
DA:132,0
LF:13
LH:5
end_of_record
TN:
SF:/Library/Developer/CommandLineTools/SDKs/MacOSX15.1.sdk/usr/include/c++/v1/__algorithm/partition.h
FNL:0,50,69
FNA:0,78,_ZNSt3__116__partition_implB8ne180100IRPFbRKNS_12basic_stringIcNS_11char_traitsIcEENS_9allocatorIcEEEEENS_17_ClassicAlgPolicyENS_11__wrap_iterIPS6_EESF_EENS_4pairIT1_SH_EESH_T2_T_NS_26bidirectional_iterator_tagE
FNL:1,73,75
FNA:1,78,_ZNSt3__111__partitionB8ne180100INS_17_ClassicAlgPolicyENS_11__wrap_iterIPNS_12basic_stringIcNS_11char_traitsIcEENS_9allocatorIcEEEEEESA_RPFbRKS8_ENS_26random_access_iterator_tagEEENS_4pairIT0_SI_EESI_T1_OT2_T3_
FNL:2,80,83
FNA:2,78,_ZNSt3__19partitionB8ne180100INS_11__wrap_iterIPNS_12basic_stringIcNS_11char_traitsIcEENS_9allocatorIcEEEEEEPFbRKS7_EEET_SE_SE_T0_
FNF:3
FNH:3
DA:50,78
DA:51,78
DA:52,78
DA:54,78
DA:55,183
DA:56,183
DA:57,53
DA:58,130
DA:59,25
DA:60,105
DA:62,25
DA:63,25
DA:64,25
DA:65,0
DA:66,0
DA:67,0
DA:69,78
DA:73,78
DA:74,78
DA:75,78
DA:80,78
DA:82,78
DA:83,78
LF:23
LH:20
end_of_record
TN:
SF:/Library/Developer/CommandLineTools/SDKs/MacOSX15.1.sdk/usr/include/c++/v1/__algorithm/reverse.h
FNL:0,40,44
FNA:0,0,_ZNSt3__114__reverse_implB8ne180100INS_17_ClassicAlgPolicyENS_11__wrap_iterIPN7testing8internal13edit_distance8EditTypeEEEEEvT0_S9_NS_26random_access_iterator_tagE
FNL:1,47,50
FNA:1,0,_ZNSt3__19__reverseB8ne180100INS_17_ClassicAlgPolicyENS_11__wrap_iterIPN7testing8internal13edit_distance8EditTypeEEES8_EEvT0_T1_
FNL:2,54,56
FNA:2,0,_ZNSt3__17reverseB8ne180100INS_11__wrap_iterIPN7testing8internal13edit_distance8EditTypeEEEEEvT_S8_
FNF:3
FNH:0
DA:40,0
DA:41,0
DA:42,0
DA:43,0
DA:44,0
DA:47,0
DA:49,0
DA:50,0
DA:54,0
DA:55,0
DA:56,0
LF:11
LH:0
end_of_record
TN:
SF:/Library/Developer/CommandLineTools/SDKs/MacOSX15.1.sdk/usr/include/c++/v1/__algorithm/rotate.h
FNL:0,155,169
FNA:0,4,_ZNSt3__113__rotate_implB8ne180100INS_17_ClassicAlgPolicyEPcEET0_S3_S3_S3_NS_26random_access_iterator_tagE
FNL:1,173,186
FNA:1,4,_ZNSt3__18__rotateB8ne180100INS_17_ClassicAlgPolicyEPcS2_EENS_4pairIT0_S4_EES4_S4_T1_
FNL:2,190,191
FNA:2,4,_ZNSt3__16rotateB8ne180100IPcEET_S2_S2_S2_
FNL:3,33,40
FNA:3,0,_ZNSt3__113__rotate_leftB8ne180100INS_17_ClassicAlgPolicyEPcEET0_S3_S3_
FNL:4,45,53
FNA:4,2,_ZNSt3__114__rotate_rightB8ne180100INS_17_ClassicAlgPolicyEPcEET0_S3_S3_
FNL:5,86,92
FNA:5,2,_ZNSt3__110__algo_gcdB8ne180100IlEET_S1_S1_
FNL:6,97,125
FNA:6,2,_ZNSt3__112__rotate_gcdB8ne180100INS_17_ClassicAlgPolicyEPcEET0_S3_S3_S3_
FNF:7
FNH:6
DA:33,0
DA:37,0
DA:38,0
DA:39,0
DA:40,0
DA:45,2
DA:49,2
DA:50,2
DA:51,2
DA:52,2
DA:53,2
DA:86,2
DA:87,2
DA:88,5
DA:89,5
DA:90,5
DA:91,5
DA:92,2
DA:97,2
DA:102,2
DA:103,2
DA:104,2
DA:105,0
DA:106,0
DA:108,2
DA:109,4
DA:110,2
DA:111,2
DA:112,2
DA:113,2
DA:114,12
DA:115,12
DA:116,12
DA:117,12
DA:118,5
DA:120,7
DA:121,12
DA:122,2
DA:124,2
DA:125,2
DA:155,4
DA:162,4
DA:163,0
DA:164,4
DA:165,2
DA:166,2
DA:169,4
DA:173,4
DA:175,4
DA:177,4
DA:178,0
DA:179,4
DA:180,0
DA:183,4
DA:185,4
DA:186,4
DA:190,4
DA:191,4
LF:58
LH:48
end_of_record
TN:
SF:/Library/Developer/CommandLineTools/SDKs/MacOSX15.1.sdk/usr/include/c++/v1/__algorithm/swap_ranges.h
FNL:0,29,36
FNA:0,0,_ZNSt3__113__swap_rangesB8ne180100INS_17_ClassicAlgPolicyEPcS2_S2_S2_EENS_4pairIT0_T2_EES4_T1_S5_T3_
FNF:1
FNH:0
DA:29,0
DA:30,0
DA:31,0
DA:32,0
DA:33,0
DA:36,0
LF:6
LH:0
end_of_record
TN:
SF:/Library/Developer/CommandLineTools/SDKs/MacOSX15.1.sdk/usr/include/c++/v1/__algorithm/unwrap_iter.h
FNL:0,39,39
FNA:0,78,_ZNSt3__118__unwrap_iter_implINS_15insert_iteratorINS_13unordered_setINS_12basic_stringIcNS_11char_traitsIcEENS_9allocatorIcEEEENS_4hashIS8_EENS_8equal_toIS8_EENS6_IS8_EEEEEELb0EE8__rewrapB8ne180100ESF_SF_
FNA:0,78,_ZNSt3__118__unwrap_iter_implINS_15insert_iteratorINS_6vectorINS_12basic_stringIcNS_11char_traitsIcEENS_9allocatorIcEEEENS6_IS8_EEEEEELb0EE8__rewrapB8ne180100ESB_SB_
FNA:0,0,_ZNSt3__118__unwrap_iter_implINS_16reverse_iteratorIPN7testing8internal13edit_distance8EditTypeEEELb0EE8__rewrapB8ne180100ES7_S7_
FNA:0,0,_ZNSt3__118__unwrap_iter_implINS_16reverse_iteratorIPPN7testing11EnvironmentEEELb0EE8__rewrapB8ne180100ES6_S6_
FNA:0,52,_ZNSt3__118__unwrap_iter_implINS_16reverse_iteratorIPPN7testing17TestEventListenerEEELb0EE8__rewrapB8ne180100ES6_S6_
FNA:0,312,_ZNSt3__118__unwrap_iter_implINS_16reverse_iteratorIPPN7testing8TestInfoEEELb0EE8__rewrapB8ne180100ES6_S6_
FNA:0,52,_ZNSt3__118__unwrap_iter_implINS_16reverse_iteratorIPPN7testing9TestSuiteEEELb0EE8__rewrapB8ne180100ES6_S6_
FNA:0,0,_ZNSt3__118__unwrap_iter_implINS_16reverse_iteratorIPPcEELb0EE8__rewrapB8ne180100ES4_S4_
FNA:0,364,_ZNSt3__118__unwrap_iter_implINS_16reverse_iteratorIPiEELb0EE8__rewrapB8ne180100ES3_S3_
FNA:0,0,_ZNSt3__118__unwrap_iter_implINS_16reverse_iteratorIPmEELb0EE8__rewrapB8ne180100ES3_S3_
FNL:1,40,40
FNA:1,78,_ZNSt3__118__unwrap_iter_implINS_15insert_iteratorINS_13unordered_setINS_12basic_stringIcNS_11char_traitsIcEENS_9allocatorIcEEEENS_4hashIS8_EENS_8equal_toIS8_EENS6_IS8_EEEEEELb0EE8__unwrapB8ne180100ESF_
FNA:1,78,_ZNSt3__118__unwrap_iter_implINS_15insert_iteratorINS_6vectorINS_12basic_stringIcNS_11char_traitsIcEENS_9allocatorIcEEEENS6_IS8_EEEEEELb0EE8__unwrapB8ne180100ESB_
FNA:1,0,_ZNSt3__118__unwrap_iter_implINS_16reverse_iteratorIPN7testing8internal13edit_distance8EditTypeEEELb0EE8__unwrapB8ne180100ES7_
FNA:1,0,_ZNSt3__118__unwrap_iter_implINS_16reverse_iteratorIPPN7testing11EnvironmentEEELb0EE8__unwrapB8ne180100ES6_
FNA:1,78,_ZNSt3__118__unwrap_iter_implINS_16reverse_iteratorIPPN7testing17TestEventListenerEEELb0EE8__unwrapB8ne180100ES6_
FNA:1,468,_ZNSt3__118__unwrap_iter_implINS_16reverse_iteratorIPPN7testing8TestInfoEEELb0EE8__unwrapB8ne180100ES6_
FNA:1,78,_ZNSt3__118__unwrap_iter_implINS_16reverse_iteratorIPPN7testing9TestSuiteEEELb0EE8__unwrapB8ne180100ES6_
FNA:1,0,_ZNSt3__118__unwrap_iter_implINS_16reverse_iteratorIPPcEELb0EE8__unwrapB8ne180100ES4_
FNA:1,546,_ZNSt3__118__unwrap_iter_implINS_16reverse_iteratorIPiEELb0EE8__unwrapB8ne180100ES3_
FNA:1,0,_ZNSt3__118__unwrap_iter_implINS_16reverse_iteratorIPmEELb0EE8__unwrapB8ne180100ES3_
FNL:2,51,52
FNA:2,0,_ZNSt3__118__unwrap_iter_implINS_11__wrap_iterIPKNS_12basic_stringIcNS_11char_traitsIcEENS_9allocatorIcEEEEEELb1EE8__rewrapB8ne180100ESA_S9_
FNA:2,156,_ZNSt3__118__unwrap_iter_implINS_11__wrap_iterIPNS_12basic_stringIcNS_11char_traitsIcEENS_9allocatorIcEEEEEELb1EE8__rewrapB8ne180100ES9_S8_
FNA:2,1300,_ZNSt3__118__unwrap_iter_implIPKcLb1EE8__rewrapB8ne180100ES2_S2_
FNA:2,0,_ZNSt3__118__unwrap_iter_implIPN7testing8internal13edit_distance8EditTypeELb1EE8__rewrapB8ne180100ES5_S5_
FNA:2,26,_ZNSt3__118__unwrap_iter_implIPNS_12basic_stringIcNS_11char_traitsIcEENS_9allocatorIcEEEELb1EE8__rewrapB8ne180100ES7_S7_
FNA:2,0,_ZNSt3__118__unwrap_iter_implIPPN7testing17TestEventListenerELb1EE8__rewrapB8ne180100ES4_S4_
FNA:2,0,_ZNSt3__118__unwrap_iter_implIPPN7testing9TestSuiteELb1EE8__rewrapB8ne180100ES4_S4_
FNA:2,0,_ZNSt3__118__unwrap_iter_implIPPcLb1EE8__rewrapB8ne180100ES2_S2_
FNA:2,1304,_ZNSt3__118__unwrap_iter_implIPcLb1EE8__rewrapB8ne180100ES1_S1_
FNA:2,0,_ZNSt3__118__unwrap_iter_implIPdLb1EE8__rewrapB8ne180100ES1_S1_
FNL:3,55,56
FNA:3,0,_ZNSt3__118__unwrap_iter_implINS_11__wrap_iterIPKNS_12basic_stringIcNS_11char_traitsIcEENS_9allocatorIcEEEEEELb1EE8__unwrapB8ne180100ESA_
FNA:3,312,_ZNSt3__118__unwrap_iter_implINS_11__wrap_iterIPNS_12basic_stringIcNS_11char_traitsIcEENS_9allocatorIcEEEEEELb1EE8__unwrapB8ne180100ES9_
FNA:3,0,_ZNSt3__118__unwrap_iter_implIPKPKcLb1EE8__unwrapB8ne180100ES4_
FNA:3,2600,_ZNSt3__118__unwrap_iter_implIPKcLb1EE8__unwrapB8ne180100ES2_
FNA:3,0,_ZNSt3__118__unwrap_iter_implIPN7testing8internal13edit_distance8EditTypeELb1EE8__unwrapB8ne180100ES5_
FNA:3,78,_ZNSt3__118__unwrap_iter_implIPNS_12basic_stringIcNS_11char_traitsIcEENS_9allocatorIcEEEELb1EE8__unwrapB8ne180100ES7_
FNA:3,0,_ZNSt3__118__unwrap_iter_implIPPN7testing17TestEventListenerELb1EE8__unwrapB8ne180100ES4_
FNA:3,0,_ZNSt3__118__unwrap_iter_implIPPN7testing9TestSuiteELb1EE8__unwrapB8ne180100ES4_
FNA:3,0,_ZNSt3__118__unwrap_iter_implIPPcLb1EE8__unwrapB8ne180100ES2_
FNA:3,1306,_ZNSt3__118__unwrap_iter_implIPcLb1EE8__unwrapB8ne180100ES1_
FNA:3,0,_ZNSt3__118__unwrap_iter_implIPdLb1EE8__unwrapB8ne180100ES1_
FNL:4,64,65
FNA:4,0,_ZNSt3__113__unwrap_iterB8ne180100INS_11__wrap_iterIPKNS_12basic_stringIcNS_11char_traitsIcEENS_9allocatorIcEEEEEENS_18__unwrap_iter_implISA_Lb1EEELi0EEEDTclsrT0_8__unwrapclsr3stdE7declvalIT_EEEESE_
FNA:4,312,_ZNSt3__113__unwrap_iterB8ne180100INS_11__wrap_iterIPNS_12basic_stringIcNS_11char_traitsIcEENS_9allocatorIcEEEEEENS_18__unwrap_iter_implIS9_Lb1EEELi0EEEDTclsrT0_8__unwrapclsr3stdE7declvalIT_EEEESD_
FNA:4,78,_ZNSt3__113__unwrap_iterB8ne180100INS_15insert_iteratorINS_13unordered_setINS_12basic_stringIcNS_11char_traitsIcEENS_9allocatorIcEEEENS_4hashIS8_EENS_8equal_toIS8_EENS6_IS8_EEEEEENS_18__unwrap_iter_implISF_Lb0EEELi0EEEDTclsrT0_8__unwrapclsr3stdE7declvalIT_EEEESJ_
FNA:4,78,_ZNSt3__113__unwrap_iterB8ne180100INS_15insert_iteratorINS_6vectorINS_12basic_stringIcNS_11char_traitsIcEENS_9allocatorIcEEEENS6_IS8_EEEEEENS_18__unwrap_iter_implISB_Lb0EEELi0EEEDTclsrT0_8__unwrapclsr3stdE7declvalIT_EEEESF_
FNA:4,0,_ZNSt3__113__unwrap_iterB8ne180100INS_16reverse_iteratorIPN7testing8internal13edit_distance8EditTypeEEENS_18__unwrap_iter_implIS7_Lb0EEELi0EEEDTclsrT0_8__unwrapclsr3stdE7declvalIT_EEEESB_
FNA:4,0,_ZNSt3__113__unwrap_iterB8ne180100INS_16reverse_iteratorIPPN7testing11EnvironmentEEENS_18__unwrap_iter_implIS6_Lb0EEELi0EEEDTclsrT0_8__unwrapclsr3stdE7declvalIT_EEEESA_
FNA:4,78,_ZNSt3__113__unwrap_iterB8ne180100INS_16reverse_iteratorIPPN7testing17TestEventListenerEEENS_18__unwrap_iter_implIS6_Lb0EEELi0EEEDTclsrT0_8__unwrapclsr3stdE7declvalIT_EEEESA_
FNA:4,468,_ZNSt3__113__unwrap_iterB8ne180100INS_16reverse_iteratorIPPN7testing8TestInfoEEENS_18__unwrap_iter_implIS6_Lb0EEELi0EEEDTclsrT0_8__unwrapclsr3stdE7declvalIT_EEEESA_
FNA:4,78,_ZNSt3__113__unwrap_iterB8ne180100INS_16reverse_iteratorIPPN7testing9TestSuiteEEENS_18__unwrap_iter_implIS6_Lb0EEELi0EEEDTclsrT0_8__unwrapclsr3stdE7declvalIT_EEEESA_
FNA:4,0,_ZNSt3__113__unwrap_iterB8ne180100INS_16reverse_iteratorIPPcEENS_18__unwrap_iter_implIS4_Lb0EEELi0EEEDTclsrT0_8__unwrapclsr3stdE7declvalIT_EEEES8_
FNA:4,546,_ZNSt3__113__unwrap_iterB8ne180100INS_16reverse_iteratorIPiEENS_18__unwrap_iter_implIS3_Lb0EEELi0EEEDTclsrT0_8__unwrapclsr3stdE7declvalIT_EEEES7_
FNA:4,0,_ZNSt3__113__unwrap_iterB8ne180100INS_16reverse_iteratorIPmEENS_18__unwrap_iter_implIS3_Lb0EEELi0EEEDTclsrT0_8__unwrapclsr3stdE7declvalIT_EEEES7_
FNA:4,0,_ZNSt3__113__unwrap_iterB8ne180100IPKPKcNS_18__unwrap_iter_implIS4_Lb1EEELi0EEEDTclsrT0_8__unwrapclsr3stdE7declvalIT_EEEES8_
FNA:4,2600,_ZNSt3__113__unwrap_iterB8ne180100IPKcNS_18__unwrap_iter_implIS2_Lb1EEELi0EEEDTclsrT0_8__unwrapclsr3stdE7declvalIT_EEEES6_
FNA:4,0,_ZNSt3__113__unwrap_iterB8ne180100IPN7testing8internal13edit_distance8EditTypeENS_18__unwrap_iter_implIS5_Lb1EEELi0EEEDTclsrT0_8__unwrapclsr3stdE7declvalIT_EEEES9_
FNA:4,78,_ZNSt3__113__unwrap_iterB8ne180100IPNS_12basic_stringIcNS_11char_traitsIcEENS_9allocatorIcEEEENS_18__unwrap_iter_implIS7_Lb1EEELi0EEEDTclsrT0_8__unwrapclsr3stdE7declvalIT_EEEESB_
FNA:4,0,_ZNSt3__113__unwrap_iterB8ne180100IPPN7testing17TestEventListenerENS_18__unwrap_iter_implIS4_Lb1EEELi0EEEDTclsrT0_8__unwrapclsr3stdE7declvalIT_EEEES8_
FNA:4,0,_ZNSt3__113__unwrap_iterB8ne180100IPPN7testing9TestSuiteENS_18__unwrap_iter_implIS4_Lb1EEELi0EEEDTclsrT0_8__unwrapclsr3stdE7declvalIT_EEEES8_
FNA:4,0,_ZNSt3__113__unwrap_iterB8ne180100IPPcNS_18__unwrap_iter_implIS2_Lb1EEELi0EEEDTclsrT0_8__unwrapclsr3stdE7declvalIT_EEEES6_
FNA:4,1306,_ZNSt3__113__unwrap_iterB8ne180100IPcNS_18__unwrap_iter_implIS1_Lb1EEELi0EEEDTclsrT0_8__unwrapclsr3stdE7declvalIT_EEEES5_
FNA:4,0,_ZNSt3__113__unwrap_iterB8ne180100IPdNS_18__unwrap_iter_implIS1_Lb1EEELi0EEEDTclsrT0_8__unwrapclsr3stdE7declvalIT_EEEES5_
FNL:5,77,78
FNA:5,0,_ZNSt3__113__rewrap_iterB8ne180100INS_11__wrap_iterIPKNS_12basic_stringIcNS_11char_traitsIcEENS_9allocatorIcEEEEEES9_NS_18__unwrap_iter_implISA_Lb1EEEEET_SD_T0_
FNA:5,156,_ZNSt3__113__rewrap_iterB8ne180100INS_11__wrap_iterIPNS_12basic_stringIcNS_11char_traitsIcEENS_9allocatorIcEEEEEES8_NS_18__unwrap_iter_implIS9_Lb1EEEEET_SC_T0_
FNA:5,78,_ZNSt3__113__rewrap_iterB8ne180100INS_15insert_iteratorINS_13unordered_setINS_12basic_stringIcNS_11char_traitsIcEENS_9allocatorIcEEEENS_4hashIS8_EENS_8equal_toIS8_EENS6_IS8_EEEEEESF_NS_18__unwrap_iter_implISF_Lb0EEEEET_SI_T0_
FNA:5,78,_ZNSt3__113__rewrap_iterB8ne180100INS_15insert_iteratorINS_6vectorINS_12basic_stringIcNS_11char_traitsIcEENS_9allocatorIcEEEENS6_IS8_EEEEEESB_NS_18__unwrap_iter_implISB_Lb0EEEEET_SE_T0_
FNA:5,0,_ZNSt3__113__rewrap_iterB8ne180100INS_16reverse_iteratorIPN7testing8internal13edit_distance8EditTypeEEES7_NS_18__unwrap_iter_implIS7_Lb0EEEEET_SA_T0_
FNA:5,0,_ZNSt3__113__rewrap_iterB8ne180100INS_16reverse_iteratorIPPN7testing11EnvironmentEEES6_NS_18__unwrap_iter_implIS6_Lb0EEEEET_S9_T0_
FNA:5,52,_ZNSt3__113__rewrap_iterB8ne180100INS_16reverse_iteratorIPPN7testing17TestEventListenerEEES6_NS_18__unwrap_iter_implIS6_Lb0EEEEET_S9_T0_
FNA:5,312,_ZNSt3__113__rewrap_iterB8ne180100INS_16reverse_iteratorIPPN7testing8TestInfoEEES6_NS_18__unwrap_iter_implIS6_Lb0EEEEET_S9_T0_
FNA:5,52,_ZNSt3__113__rewrap_iterB8ne180100INS_16reverse_iteratorIPPN7testing9TestSuiteEEES6_NS_18__unwrap_iter_implIS6_Lb0EEEEET_S9_T0_
FNA:5,0,_ZNSt3__113__rewrap_iterB8ne180100INS_16reverse_iteratorIPPcEES4_NS_18__unwrap_iter_implIS4_Lb0EEEEET_S7_T0_
FNA:5,364,_ZNSt3__113__rewrap_iterB8ne180100INS_16reverse_iteratorIPiEES3_NS_18__unwrap_iter_implIS3_Lb0EEEEET_S6_T0_
FNA:5,0,_ZNSt3__113__rewrap_iterB8ne180100INS_16reverse_iteratorIPmEES3_NS_18__unwrap_iter_implIS3_Lb0EEEEET_S6_T0_
FNA:5,1300,_ZNSt3__113__rewrap_iterB8ne180100IPKcS2_NS_18__unwrap_iter_implIS2_Lb1EEEEET_S5_T0_
FNA:5,0,_ZNSt3__113__rewrap_iterB8ne180100IPN7testing8internal13edit_distance8EditTypeES5_NS_18__unwrap_iter_implIS5_Lb1EEEEET_S8_T0_
FNA:5,26,_ZNSt3__113__rewrap_iterB8ne180100IPNS_12basic_stringIcNS_11char_traitsIcEENS_9allocatorIcEEEES7_NS_18__unwrap_iter_implIS7_Lb1EEEEET_SA_T0_
FNA:5,0,_ZNSt3__113__rewrap_iterB8ne180100IPPN7testing17TestEventListenerES4_NS_18__unwrap_iter_implIS4_Lb1EEEEET_S7_T0_
FNA:5,0,_ZNSt3__113__rewrap_iterB8ne180100IPPN7testing9TestSuiteES4_NS_18__unwrap_iter_implIS4_Lb1EEEEET_S7_T0_
FNA:5,0,_ZNSt3__113__rewrap_iterB8ne180100IPPcS2_NS_18__unwrap_iter_implIS2_Lb1EEEEET_S5_T0_
FNA:5,1304,_ZNSt3__113__rewrap_iterB8ne180100IPcS1_NS_18__unwrap_iter_implIS1_Lb1EEEEET_S4_T0_
FNA:5,0,_ZNSt3__113__rewrap_iterB8ne180100IPdS1_NS_18__unwrap_iter_implIS1_Lb1EEEEET_S4_T0_
FNF:6
FNH:6
DA:39,936
DA:40,1326
DA:51,2786
DA:52,2786
DA:55,4296
DA:56,4296
DA:64,5622
DA:65,5622
DA:77,3722
DA:78,3722
LF:10
LH:10
end_of_record
TN:
SF:/Library/Developer/CommandLineTools/SDKs/MacOSX15.1.sdk/usr/include/c++/v1/__algorithm/unwrap_range.h
FNL:0,85,86
FNA:0,0,_ZNSt3__114__unwrap_rangeB8ne180100INS_11__wrap_iterIPKNS_12basic_stringIcNS_11char_traitsIcEENS_9allocatorIcEEEEEES9_EENS_4pairIT0_SC_EET_SE_
FNA:0,156,_ZNSt3__114__unwrap_rangeB8ne180100INS_11__wrap_iterIPNS_12basic_stringIcNS_11char_traitsIcEENS_9allocatorIcEEEEEES8_EENS_4pairIT0_SB_EET_SD_
FNA:0,0,_ZNSt3__114__unwrap_rangeB8ne180100INS_16reverse_iteratorIPN7testing8internal13edit_distance8EditTypeEEES7_EENS_4pairIT0_S9_EET_SB_
FNA:0,0,_ZNSt3__114__unwrap_rangeB8ne180100INS_16reverse_iteratorIPPN7testing11EnvironmentEEES6_EENS_4pairIT0_S8_EET_SA_
FNA:0,26,_ZNSt3__114__unwrap_rangeB8ne180100INS_16reverse_iteratorIPPN7testing17TestEventListenerEEES6_EENS_4pairIT0_S8_EET_SA_
FNA:0,156,_ZNSt3__114__unwrap_rangeB8ne180100INS_16reverse_iteratorIPPN7testing8TestInfoEEES6_EENS_4pairIT0_S8_EET_SA_
FNA:0,26,_ZNSt3__114__unwrap_rangeB8ne180100INS_16reverse_iteratorIPPN7testing9TestSuiteEEES6_EENS_4pairIT0_S8_EET_SA_
FNA:0,0,_ZNSt3__114__unwrap_rangeB8ne180100INS_16reverse_iteratorIPPcEES4_EENS_4pairIT0_S6_EET_S8_
FNA:0,182,_ZNSt3__114__unwrap_rangeB8ne180100INS_16reverse_iteratorIPiEES3_EENS_4pairIT0_S5_EET_S7_
FNA:0,0,_ZNSt3__114__unwrap_rangeB8ne180100INS_16reverse_iteratorIPmEES3_EENS_4pairIT0_S5_EET_S7_
FNA:0,0,_ZNSt3__114__unwrap_rangeB8ne180100IPKPKcS4_EENS_4pairIT0_S6_EET_S8_
FNA:0,1300,_ZNSt3__114__unwrap_rangeB8ne180100IPKcS2_EENS_4pairIT0_S4_EET_S6_
FNA:0,0,_ZNSt3__114__unwrap_rangeB8ne180100IPN7testing8internal13edit_distance8EditTypeES5_EENS_4pairIT0_S7_EET_S9_
FNA:0,26,_ZNSt3__114__unwrap_rangeB8ne180100IPNS_12basic_stringIcNS_11char_traitsIcEENS_9allocatorIcEEEES7_EENS_4pairIT0_S9_EET_SB_
FNA:0,0,_ZNSt3__114__unwrap_rangeB8ne180100IPPN7testing17TestEventListenerES4_EENS_4pairIT0_S6_EET_S8_
FNA:0,0,_ZNSt3__114__unwrap_rangeB8ne180100IPPN7testing9TestSuiteES4_EENS_4pairIT0_S6_EET_S8_
FNA:0,0,_ZNSt3__114__unwrap_rangeB8ne180100IPPcS2_EENS_4pairIT0_S4_EET_S6_
FNA:0,2,_ZNSt3__114__unwrap_rangeB8ne180100IPcS1_EENS_4pairIT0_S3_EET_S5_
FNA:0,0,_ZNSt3__114__unwrap_rangeB8ne180100IPdS1_EENS_4pairIT0_S3_EET_S5_
FNL:1,90,91
FNA:1,156,_ZNSt3__114__rewrap_rangeB8ne180100INS_11__wrap_iterIPNS_12basic_stringIcNS_11char_traitsIcEENS_9allocatorIcEEEEEES8_EET_SA_T0_
FNA:1,0,_ZNSt3__114__rewrap_rangeB8ne180100INS_16reverse_iteratorIPN7testing8internal13edit_distance8EditTypeEEES7_EET_S8_T0_
FNA:1,0,_ZNSt3__114__rewrap_rangeB8ne180100INS_16reverse_iteratorIPPN7testing11EnvironmentEEES6_EET_S7_T0_
FNA:1,26,_ZNSt3__114__rewrap_rangeB8ne180100INS_16reverse_iteratorIPPN7testing17TestEventListenerEEES6_EET_S7_T0_
FNA:1,156,_ZNSt3__114__rewrap_rangeB8ne180100INS_16reverse_iteratorIPPN7testing8TestInfoEEES6_EET_S7_T0_
FNA:1,26,_ZNSt3__114__rewrap_rangeB8ne180100INS_16reverse_iteratorIPPN7testing9TestSuiteEEES6_EET_S7_T0_
FNA:1,0,_ZNSt3__114__rewrap_rangeB8ne180100INS_16reverse_iteratorIPPcEES4_EET_S5_T0_
FNA:1,182,_ZNSt3__114__rewrap_rangeB8ne180100INS_16reverse_iteratorIPiEES3_EET_S4_T0_
FNA:1,0,_ZNSt3__114__rewrap_rangeB8ne180100INS_16reverse_iteratorIPmEES3_EET_S4_T0_
FNA:1,1300,_ZNSt3__114__rewrap_rangeB8ne180100IPKcS2_EET_S3_T0_
FNA:1,0,_ZNSt3__114__rewrap_rangeB8ne180100IPN7testing8internal13edit_distance8EditTypeES5_EET_S6_T0_
FNA:1,0,_ZNSt3__114__rewrap_rangeB8ne180100IPNS_12basic_stringIcNS_11char_traitsIcEENS_9allocatorIcEEEES7_EET_S8_T0_
FNA:1,0,_ZNSt3__114__rewrap_rangeB8ne180100IPPN7testing17TestEventListenerES4_EET_S5_T0_
FNA:1,0,_ZNSt3__114__rewrap_rangeB8ne180100IPPN7testing9TestSuiteES4_EET_S5_T0_
FNA:1,0,_ZNSt3__114__rewrap_rangeB8ne180100IPPcS2_EET_S3_T0_
FNA:1,2,_ZNSt3__114__rewrap_rangeB8ne180100IPcS1_EET_S2_T0_
FNA:1,0,_ZNSt3__114__rewrap_rangeB8ne180100IPdS1_EET_S2_T0_
FNF:2
FNH:2
DA:85,1874
DA:86,1874
DA:90,1848
DA:91,1848
LF:4
LH:4
end_of_record
TN:
SF:/Library/Developer/CommandLineTools/SDKs/MacOSX15.1.sdk/usr/include/c++/v1/__atomic/atomic.h
FNL:0,47,47
FNA:0,0,_ZNSt3__16atomicIiEC1B8ne180100Ei
FNA:0,0,_ZNSt3__16atomicIiEC2B8ne180100Ei
FNF:1
FNH:0
DA:47,0
LF:1
LH:0
end_of_record
TN:
SF:/Library/Developer/CommandLineTools/SDKs/MacOSX15.1.sdk/usr/include/c++/v1/__atomic/atomic_base.h
FNL:0,132,132
FNA:0,0,_ZNSt3__113__atomic_baseIiLb0EEC2B8ne180100Ei
FNL:1,150,150
FNA:1,0,_ZNSt3__113__atomic_baseIiLb1EEC2B8ne180100Ei
FNL:2,161,162
FNA:2,0,_ZNSt3__113__atomic_baseIiLb1EE9fetch_subB8ne180100EiNS_12memory_orderE
FNF:3
FNH:0
DA:132,0
DA:150,0
DA:161,0
DA:162,0
LF:4
LH:0
end_of_record
TN:
SF:/Library/Developer/CommandLineTools/SDKs/MacOSX15.1.sdk/usr/include/c++/v1/__atomic/cxx_atomic_impl.h
FNL:0,305,305
FNA:0,0,_ZNSt3__122__cxx_atomic_base_implIiEC2Ei
FNL:1,474,476
FNA:1,0,_ZNSt3__122__cxx_atomic_fetch_subB8ne180100IiEET_PNS_22__cxx_atomic_base_implIS1_EES1_NS_12memory_orderE
FNL:2,819,819
FNA:2,0,_ZNSt3__117__cxx_atomic_implIiNS_22__cxx_atomic_base_implIiEEEC1B8ne180100Ei
FNA:2,0,_ZNSt3__117__cxx_atomic_implIiNS_22__cxx_atomic_base_implIiEEEC2B8ne180100Ei
FNF:3
FNH:0
DA:305,0
DA:474,0
DA:475,0
DA:476,0
DA:819,0
LF:5
LH:0
end_of_record
TN:
SF:/Library/Developer/CommandLineTools/SDKs/MacOSX15.1.sdk/usr/include/c++/v1/__bit/countl.h
FNL:0,31,32
FNA:0,0,_ZNSt3__112__libcpp_clzB8ne180100Em
FNF:1
FNH:0
DA:31,0
DA:32,0
LF:2
LH:0
end_of_record
TN:
SF:/Library/Developer/CommandLineTools/SDKs/MacOSX15.1.sdk/usr/include/c++/v1/__chrono/duration.h
FNL:0,106,107
FNA:0,75,_ZNSt3__16chrono13duration_castB8ne180100INS0_8durationIxNS_5ratioILl1ELl1000EEEEExNS3_ILl1ELl1000000000EEELi0EEET_RKNS2_IT0_T1_EE
FNA:0,100,_ZNSt3__16chrono13duration_castB8ne180100INS0_8durationIxNS_5ratioILl1ELl1000EEEEExNS3_ILl1ELl1000000EEELi0EEET_RKNS2_IT0_T1_EE
FNL:1,210,210
FNA:1,75,_ZNSt3__16chrono8durationIxNS_5ratioILl1ELl1000000000EEEEC1B8ne180100IxLi0EEERKT_
FNA:1,75,_ZNSt3__16chrono8durationIxNS_5ratioILl1ELl1000000000EEEEC2B8ne180100IxLi0EEERKT_
FNA:1,100,_ZNSt3__16chrono8durationIxNS_5ratioILl1ELl1000000EEEEC1B8ne180100IxLi0EEERKT_
FNA:1,100,_ZNSt3__16chrono8durationIxNS_5ratioILl1ELl1000000EEEEC2B8ne180100IxLi0EEERKT_
FNA:1,175,_ZNSt3__16chrono8durationIxNS_5ratioILl1ELl1000EEEEC1B8ne180100IxLi0EEERKT_
FNA:1,175,_ZNSt3__16chrono8durationIxNS_5ratioILl1ELl1000EEEEC2B8ne180100IxLi0EEERKT_
FNL:2,224,224
FNA:2,225,_ZNKSt3__16chrono8durationIxNS_5ratioILl1ELl1000000000EEEE5countB8ne180100Ev
FNA:2,300,_ZNKSt3__16chrono8durationIxNS_5ratioILl1ELl1000000EEEE5countB8ne180100Ev
FNA:2,175,_ZNKSt3__16chrono8durationIxNS_5ratioILl1ELl1000EEEE5countB8ne180100Ev
FNL:3,405,407
FNA:3,75,_ZNSt3__16chronomiB8ne180100IxNS_5ratioILl1ELl1000000000EEExS3_EENS_11common_typeIJNS0_8durationIT_T0_EENS5_IT1_T2_EEEE4typeERKS8_RKSB_
FNA:3,100,_ZNSt3__16chronomiB8ne180100IxNS_5ratioILl1ELl1000000EEExS3_EENS_11common_typeIJNS0_8durationIT_T0_EENS5_IT1_T2_EEEE4typeERKS8_RKSB_
FNL:4,80,83
FNA:4,75,_ZNKSt3__16chrono15__duration_castINS0_8durationIxNS_5ratioILl1ELl1000000000EEEEENS2_IxNS3_ILl1ELl1000EEEEENS3_ILl1ELl1000000EEELb1ELb0EEclB8ne180100ERKS5_
FNA:4,100,_ZNKSt3__16chrono15__duration_castINS0_8durationIxNS_5ratioILl1ELl1000000EEEEENS2_IxNS3_ILl1ELl1000EEEEES6_Lb1ELb0EEclB8ne180100ERKS5_
FNF:5
FNH:5
DA:80,175
DA:82,175
DA:83,175
DA:106,175
DA:107,175
DA:210,700
DA:224,700
DA:405,175
DA:407,175
LF:9
LH:9
end_of_record
TN:
SF:/Library/Developer/CommandLineTools/SDKs/MacOSX15.1.sdk/usr/include/c++/v1/__chrono/time_point.h
FNL:0,213,214
FNA:0,75,_ZNSt3__16chronomiB8ne180100INS0_12steady_clockENS0_8durationIxNS_5ratioILl1ELl1000000000EEEEES6_EENS_11common_typeIJT0_T1_EE4typeERKNS0_10time_pointIT_S8_EERKNSC_ISD_S9_EE
FNA:0,100,_ZNSt3__16chronomiB8ne180100INS0_12system_clockENS0_8durationIxNS_5ratioILl1ELl1000000EEEEES6_EENS_11common_typeIJT0_T1_EE4typeERKNS0_10time_pointIT_S8_EERKNSC_ISD_S9_EE
FNL:1,58,58
FNA:1,150,_ZNKSt3__16chrono10time_pointINS0_12steady_clockENS0_8durationIxNS_5ratioILl1ELl1000000000EEEEEE16time_since_epochB8ne180100Ev
FNA:1,200,_ZNKSt3__16chrono10time_pointINS0_12system_clockENS0_8durationIxNS_5ratioILl1ELl1000000EEEEEE16time_since_epochB8ne180100Ev
FNF:2
FNH:2
DA:58,350
DA:213,175
DA:214,175
LF:3
LH:3
end_of_record
TN:
SF:/Library/Developer/CommandLineTools/SDKs/MacOSX15.1.sdk/usr/include/c++/v1/__functional/hash.h
FNL:0,136,137
FNA:0,5753,_ZNSt3__121__murmur2_or_cityhashImLm64EE8__rotateB8ne180100Emi
FNL:1,140,141
FNA:1,442,_ZNSt3__121__murmur2_or_cityhashImLm64EE22__rotate_by_at_least_1B8ne180100Emi
FNL:2,144,144
FNA:2,464,_ZNSt3__121__murmur2_or_cityhashImLm64EE11__shift_mixB8ne180100Em
FNL:3,146,153
FNA:3,1819,_ZNSt3__121__murmur2_or_cityhashImLm64EE13__hash_len_16B8ne180100Emm
FNL:4,157,181
FNA:4,520,_ZNSt3__121__murmur2_or_cityhashImLm64EE18__hash_len_0_to_16B8ne180100EPKcm
FNL:5,184,190
FNA:5,1299,_ZNSt3__121__murmur2_or_cityhashImLm64EE19__hash_len_17_to_32B8ne180100EPKcm
FNL:6,196,203
FNA:6,0,_ZNSt3__121__murmur2_or_cityhashImLm64EE29__weak_hash_len_32_with_seedsB8ne180100Emmmmmm
FNL:7,208,215
FNA:7,0,_ZNSt3__121__murmur2_or_cityhashImLm64EE29__weak_hash_len_32_with_seedsB8ne180100EPKcmm
FNL:8,220,240
FNA:8,232,_ZNSt3__121__murmur2_or_cityhashImLm64EE19__hash_len_33_to_64B8ne180100EPKcm
FNL:9,38,41
FNA:9,156,_ZNSt3__110__loadwordB8ne180100IjEET_PKv
FNA:9,8400,_ZNSt3__110__loadwordB8ne180100ImEET_PKv
FNL:10,89,127
FNA:10,2051,_ZNKSt3__121__murmur2_or_cityhashImLm64EEclB8ne180100EPKvm
FNF:11
FNH:9
DA:38,8556
DA:40,8556
DA:41,8556
DA:89,2051
DA:90,2051
DA:91,2051
DA:92,1819
DA:93,520
DA:95,1299
DA:97,232
DA:98,232
DA:103,0
DA:104,0
DA:105,0
DA:106,0
DA:107,0
DA:108,0
DA:109,0
DA:112,0
DA:113,0
DA:114,0
DA:115,0
DA:116,0
DA:117,0
DA:118,0
DA:119,0
DA:120,0
DA:121,0
DA:122,0
DA:123,0
DA:124,0
DA:125,0
DA:126,0
DA:127,2051
DA:136,5753
DA:137,5753
DA:140,442
DA:141,442
DA:144,464
DA:146,1819
DA:147,1819
DA:148,1819
DA:149,1819
DA:150,1819
DA:151,1819
DA:152,1819
DA:153,1819
DA:157,520
DA:158,520
DA:159,442
DA:160,442
DA:161,442
DA:163,78
DA:164,78
DA:165,78
DA:169,78
DA:172,0
DA:173,0
DA:174,0
DA:175,0
DA:176,0
DA:177,0
DA:178,0
DA:180,0
DA:181,520
DA:184,1299
DA:185,1299
DA:186,1299
DA:187,1299
DA:188,1299
DA:189,1299
DA:190,1299
DA:196,0
DA:197,0
DA:198,0
DA:199,0
DA:200,0
DA:201,0
DA:202,0
DA:203,0
DA:208,0
DA:209,0
DA:210,0
DA:211,0
DA:212,0
DA:213,0
DA:214,0
DA:215,0
DA:220,232
DA:221,232
DA:222,232
DA:223,232
DA:224,232
DA:225,232
DA:226,232
DA:227,232
DA:228,232
DA:229,232
DA:230,232
DA:231,232
DA:232,232
DA:233,232
DA:234,232
DA:235,232
DA:236,232
DA:237,232
DA:238,232
DA:239,232
DA:240,232
LF:109
LH:63
end_of_record
TN:
SF:/Library/Developer/CommandLineTools/SDKs/MacOSX15.1.sdk/usr/include/c++/v1/__functional/identity.h
FNL:0,29,30
FNA:0,0,_ZNKSt3__110__identityclB8ne180100IRKNS_12basic_stringIcNS_11char_traitsIcEENS_9allocatorIcEEEEEEOT_SB_
FNF:1
FNH:0
DA:29,0
DA:30,0
LF:2
LH:0
end_of_record
TN:
SF:/Library/Developer/CommandLineTools/SDKs/MacOSX15.1.sdk/usr/include/c++/v1/__functional/operations.h
FNL:0,296,297
FNA:0,25,_ZNKSt3__18equal_toINS_12basic_stringIcNS_11char_traitsIcEENS_9allocatorIcEEEEEclB8ne180100ERKS6_S9_
FNL:1,357,358
FNA:1,0,_ZNKSt3__14lessINS_12basic_stringIcNS_11char_traitsIcEENS_9allocatorIcEEEEEclB8ne180100ERKS6_S9_
FNF:2
FNH:1
DA:296,25
DA:297,25
DA:357,0
DA:358,0
LF:4
LH:2
end_of_record
TN:
SF:/Library/Developer/CommandLineTools/SDKs/MacOSX15.1.sdk/usr/include/c++/v1/__hash_table
FNL:0,100,100
FNA:0,1011,_ZNKSt3__116__hash_node_baseIPNS_11__hash_nodeINS_12basic_stringIcNS_11char_traitsIcEENS_9allocatorIcEEEEPvEEE6__hashB8ne180100Ev
FNL:1,102,102
FNA:1,130,_ZNSt3__116__hash_node_baseIPNS_11__hash_nodeINS_12basic_stringIcNS_11char_traitsIcEENS_9allocatorIcEEEEPvEEEC1B8ne180100Ev
FNA:1,130,_ZNSt3__116__hash_node_baseIPNS_11__hash_nodeINS_12basic_stringIcNS_11char_traitsIcEENS_9allocatorIcEEEEPvEEEC2B8ne180100Ev
FNL:2,103,103
FNA:2,25,_ZNSt3__116__hash_node_baseIPNS_11__hash_nodeINS_12basic_stringIcNS_11char_traitsIcEENS_9allocatorIcEEEEPvEEEC2B8ne180100EPSB_
FNL:3,1073,1080
FNA:3,130,_ZNSt3__112__hash_tableINS_12basic_stringIcNS_11char_traitsIcEENS_9allocatorIcEEEENS_4hashIS6_EENS_8equal_toIS6_EENS4_IS6_EEED1Ev
FNA:3,130,_ZNSt3__112__hash_tableINS_12basic_stringIcNS_11char_traitsIcEENS_9allocatorIcEEEENS_4hashIS6_EENS_8equal_toIS6_EENS4_IS6_EEED2Ev
FNL:4,1106,1116
FNA:4,130,_ZNSt3__112__hash_tableINS_12basic_stringIcNS_11char_traitsIcEENS_9allocatorIcEEEENS_4hashIS6_EENS_8equal_toIS6_EENS4_IS6_EEE17__deallocate_nodeEPNS_16__hash_node_baseIPNS_11__hash_nodeIS6_PvEEEE
FNL:5,1131,1149
FNA:5,26,_ZNSt3__112__hash_tableINS_12basic_stringIcNS_11char_traitsIcEENS_9allocatorIcEEEENS_4hashIS6_EENS_8equal_toIS6_EENS4_IS6_EEE13__move_assignERSC_NS_17integral_constantIbLb1EEE
FNL:6,1190,1194
FNA:6,26,_ZNSt3__112__hash_tableINS_12basic_stringIcNS_11char_traitsIcEENS_9allocatorIcEEEENS_4hashIS6_EENS_8equal_toIS6_EENS4_IS6_EEEaSEOSC_
FNL:7,124,124
FNA:7,75,_ZNSt3__111__hash_nodeINS_12basic_stringIcNS_11char_traitsIcEENS_9allocatorIcEEEEPvE11__get_valueB8ne180100Ev
FNL:8,1262,1263
FNA:8,78,_ZNSt3__112__hash_tableINS_12basic_stringIcNS_11char_traitsIcEENS_9allocatorIcEEEENS_4hashIS6_EENS_8equal_toIS6_EENS4_IS6_EEE5beginEv
FNL:9,1280,1281
FNA:9,4027,_ZNKSt3__112__hash_tableINS_12basic_stringIcNS_11char_traitsIcEENS_9allocatorIcEEEENS_4hashIS6_EENS_8equal_toIS6_EENS4_IS6_EEE3endEv
FNL:10,1285,1294
FNA:10,26,_ZNSt3__112__hash_tableINS_12basic_stringIcNS_11char_traitsIcEENS_9allocatorIcEEEENS_4hashIS6_EENS_8equal_toIS6_EENS4_IS6_EEE5clearEv
FNL:11,134,134
FNA:11,25,_ZNSt3__111__hash_nodeINS_12basic_stringIcNS_11char_traitsIcEENS_9allocatorIcEEEEPvEC1B8ne180100EPNS_16__hash_node_baseIPS8_EEm
FNA:11,25,_ZNSt3__111__hash_nodeINS_12basic_stringIcNS_11char_traitsIcEENS_9allocatorIcEEEEPvEC2B8ne180100EPNS_16__hash_node_baseIPS8_EEm
FNL:12,135,135
FNA:12,25,_ZNSt3__111__hash_nodeINS_12basic_stringIcNS_11char_traitsIcEENS_9allocatorIcEEEEPvED1B8ne180100Ev
FNA:12,25,_ZNSt3__111__hash_nodeINS_12basic_stringIcNS_11char_traitsIcEENS_9allocatorIcEEEEPvED2B8ne180100Ev
FNL:13,138,138
FNA:13,25,_ZNSt3__116__is_hash_power2B8ne180100Em
FNL:14,140,141
FNA:14,987,_ZNSt3__116__constrain_hashB8ne180100Emm
FNL:15,144,145
FNA:15,0,_ZNSt3__116__next_hash_pow2B8ne180100Em
FNL:16,1476,1523
FNA:16,25,_ZNSt3__112__hash_tableINS_12basic_stringIcNS_11char_traitsIcEENS_9allocatorIcEEEENS_4hashIS6_EENS_8equal_toIS6_EENS4_IS6_EEE25__emplace_unique_key_argsIS6_JS6_EEENS_4pairINS_15__hash_iteratorIPNS_11__hash_nodeIS6_PvEEEEbEERKT_DpOT0_
FNL:17,1656,1672
FNA:17,25,_ZNSt3__112__hash_tableINS_12basic_stringIcNS_11char_traitsIcEENS_9allocatorIcEEEENS_4hashIS6_EENS_8equal_toIS6_EENS4_IS6_EEE8__rehashILb1EEEvm
FNL:18,1676,1714
FNA:18,25,_ZNSt3__112__hash_tableINS_12basic_stringIcNS_11char_traitsIcEENS_9allocatorIcEEEENS_4hashIS6_EENS_8equal_toIS6_EENS4_IS6_EEE11__do_rehashILb1EEEvm
FNL:19,172,172
FNA:19,25,_ZNSt3__122__hash_key_value_typesINS_12basic_stringIcNS_11char_traitsIcEENS_9allocatorIcEEEEE9__get_keyB8ne180100ERKS6_
FNL:20,174,174
FNA:20,50,_ZNSt3__122__hash_key_value_typesINS_12basic_stringIcNS_11char_traitsIcEENS_9allocatorIcEEEEE9__get_ptrB8ne180100ERS6_
FNL:21,1740,1756
FNA:21,2026,_ZNKSt3__112__hash_tableINS_12basic_stringIcNS_11char_traitsIcEENS_9allocatorIcEEEENS_4hashIS6_EENS_8equal_toIS6_EENS4_IS6_EEE4findIS6_EENS_21__hash_const_iteratorIPNS_11__hash_nodeIS6_PvEEEERKT_
FNL:22,1785,1794
FNA:22,25,_ZNSt3__112__hash_tableINS_12basic_stringIcNS_11char_traitsIcEENS_9allocatorIcEEEENS_4hashIS6_EENS_8equal_toIS6_EENS4_IS6_EEE21__construct_node_hashIS6_JEEENS_10unique_ptrINS_11__hash_nodeIS6_PvEENS_22__hash_node_destructorINS4_ISH_EEEEEEmOT_DpOT0_
FNL:23,1880,1881
FNA:23,2026,_ZNKSt3__112__hash_tableINS_12basic_stringIcNS_11char_traitsIcEENS_9allocatorIcEEEENS_4hashIS6_EENS_8equal_toIS6_EENS4_IS6_EEE14__count_uniqueIS6_EEmRKT_
FNL:24,312,312
FNA:24,103,_ZNSt3__115__hash_iteratorIPNS_11__hash_nodeINS_12basic_stringIcNS_11char_traitsIcEENS_9allocatorIcEEEEPvEEEC1B8ne180100EPNS_16__hash_node_baseISA_EE
FNA:24,103,_ZNSt3__115__hash_iteratorIPNS_11__hash_nodeINS_12basic_stringIcNS_11char_traitsIcEENS_9allocatorIcEEEEPvEEEC2B8ne180100EPNS_16__hash_node_baseISA_EE
FNL:25,346,346
FNA:25,103,_ZNSt3__121__hash_const_iteratorIPNS_11__hash_nodeINS_12basic_stringIcNS_11char_traitsIcEENS_9allocatorIcEEEEPvEEEC1B8ne180100ERKNS_15__hash_iteratorISA_EE
FNA:25,103,_ZNSt3__121__hash_const_iteratorIPNS_11__hash_nodeINS_12basic_stringIcNS_11char_traitsIcEENS_9allocatorIcEEEEPvEEEC2B8ne180100ERKNS_15__hash_iteratorISA_EE
FNL:26,353,355
FNA:26,25,_ZNSt3__121__hash_const_iteratorIPNS_11__hash_nodeINS_12basic_stringIcNS_11char_traitsIcEENS_9allocatorIcEEEEPvEEEppB8ne180100Ev
FNL:27,364,365
FNA:27,2026,_ZNSt3__1eqB8ne180100ERKNS_21__hash_const_iteratorIPNS_11__hash_nodeINS_12basic_stringIcNS_11char_traitsIcEENS_9allocatorIcEEEEPvEEEESD_
FNL:28,367,368
FNA:28,2026,_ZNSt3__1neB8ne180100ERKNS_21__hash_const_iteratorIPNS_11__hash_nodeINS_12basic_stringIcNS_11char_traitsIcEENS_9allocatorIcEEEEPvEEEESD_
FNL:29,372,372
FNA:29,4052,_ZNSt3__121__hash_const_iteratorIPNS_11__hash_nodeINS_12basic_stringIcNS_11char_traitsIcEENS_9allocatorIcEEEEPvEEEC1B8ne180100EPNS_16__hash_node_baseISA_EE
FNA:29,4052,_ZNSt3__121__hash_const_iteratorIPNS_11__hash_nodeINS_12basic_stringIcNS_11char_traitsIcEENS_9allocatorIcEEEEPvEEEC2B8ne180100EPNS_16__hash_node_baseISA_EE
FNL:30,533,534
FNA:30,130,_ZNSt3__125__bucket_list_deallocatorINS_9allocatorIPNS_16__hash_node_baseIPNS_11__hash_nodeINS_12basic_stringIcNS_11char_traitsIcEENS1_IcEEEEPvEEEEEEEC1B8ne180100Ev
FNA:30,130,_ZNSt3__125__bucket_list_deallocatorINS_9allocatorIPNS_16__hash_node_baseIPNS_11__hash_nodeINS_12basic_stringIcNS_11char_traitsIcEENS1_IcEEEEPvEEEEEEEC2B8ne180100Ev
FNL:31,546,546
FNA:31,128,_ZNSt3__125__bucket_list_deallocatorINS_9allocatorIPNS_16__hash_node_baseIPNS_11__hash_nodeINS_12basic_stringIcNS_11char_traitsIcEENS1_IcEEEEPvEEEEEEE4sizeB8ne180100Ev
FNL:32,547,547
FNA:32,2126,_ZNKSt3__125__bucket_list_deallocatorINS_9allocatorIPNS_16__hash_node_baseIPNS_11__hash_nodeINS_12basic_stringIcNS_11char_traitsIcEENS1_IcEEEEPvEEEEEEE4sizeB8ne180100Ev
FNL:33,549,549
FNA:33,102,_ZNSt3__125__bucket_list_deallocatorINS_9allocatorIPNS_16__hash_node_baseIPNS_11__hash_nodeINS_12basic_stringIcNS_11char_traitsIcEENS1_IcEEEEPvEEEEEEE7__allocB8ne180100Ev
FNL:34,552,552
FNA:34,25,_ZNSt3__125__bucket_list_deallocatorINS_9allocatorIPNS_16__hash_node_baseIPNS_11__hash_nodeINS_12basic_stringIcNS_11char_traitsIcEENS1_IcEEEEPvEEEEEEEclB8ne180100EPSD_
FNL:35,577,579
FNA:35,25,_ZNSt3__122__hash_node_destructorINS_9allocatorINS_11__hash_nodeINS_12basic_stringIcNS_11char_traitsIcEENS1_IcEEEEPvEEEEEC1B8ne180100ERSA_b
FNA:35,25,_ZNSt3__122__hash_node_destructorINS_9allocatorINS_11__hash_nodeINS_12basic_stringIcNS_11char_traitsIcEENS1_IcEEEEPvEEEEEC2B8ne180100ERSA_b
FNL:36,581,588
FNA:36,0,_ZNSt3__122__hash_node_destructorINS_9allocatorINS_11__hash_nodeINS_12basic_stringIcNS_11char_traitsIcEENS1_IcEEEEPvEEEEEclB8ne180100EPS9_
FNL:37,695,695
FNA:37,204,_ZNSt3__112__hash_tableINS_12basic_stringIcNS_11char_traitsIcEENS_9allocatorIcEEEENS_4hashIS6_EENS_8equal_toIS6_EENS4_IS6_EEE4sizeB8ne180100Ev
FNL:38,700,700
FNA:38,77,_ZNSt3__112__hash_tableINS_12basic_stringIcNS_11char_traitsIcEENS_9allocatorIcEEEENS_4hashIS6_EENS_8equal_toIS6_EENS4_IS6_EEE13hash_functionB8ne180100Ev
FNL:39,701,701
FNA:39,2026,_ZNKSt3__112__hash_tableINS_12basic_stringIcNS_11char_traitsIcEENS_9allocatorIcEEEENS_4hashIS6_EENS_8equal_toIS6_EENS4_IS6_EEE13hash_functionB8ne180100Ev
FNL:40,703,703
FNA:40,102,_ZNSt3__112__hash_tableINS_12basic_stringIcNS_11char_traitsIcEENS_9allocatorIcEEEENS_4hashIS6_EENS_8equal_toIS6_EENS4_IS6_EEE15max_load_factorB8ne180100Ev
FNL:41,706,706
FNA:41,52,_ZNSt3__112__hash_tableINS_12basic_stringIcNS_11char_traitsIcEENS_9allocatorIcEEEENS_4hashIS6_EENS_8equal_toIS6_EENS4_IS6_EEE6key_eqB8ne180100Ev
FNL:42,707,707
FNA:42,25,_ZNKSt3__112__hash_tableINS_12basic_stringIcNS_11char_traitsIcEENS_9allocatorIcEEEENS_4hashIS6_EENS_8equal_toIS6_EENS4_IS6_EEE6key_eqB8ne180100Ev
FNL:43,709,718
FNA:43,207,_ZNSt3__112__hash_tableINS_12basic_stringIcNS_11char_traitsIcEENS_9allocatorIcEEEENS_4hashIS6_EENS_8equal_toIS6_EENS4_IS6_EEE12__node_allocB8ne180100Ev
FNL:44,801,802
FNA:44,25,_ZNSt3__112__hash_tableINS_12basic_stringIcNS_11char_traitsIcEENS_9allocatorIcEEEENS_4hashIS6_EENS_8equal_toIS6_EENS4_IS6_EEE15__insert_uniqueB8ne180100EOS6_
FNL:45,846,846
FNA:45,25,_ZNSt3__112__hash_tableINS_12basic_stringIcNS_11char_traitsIcEENS_9allocatorIcEEEENS_4hashIS6_EENS_8equal_toIS6_EENS4_IS6_EEE15__rehash_uniqueB8ne180100Em
FNL:46,855,855
FNA:46,2126,_ZNKSt3__112__hash_tableINS_12basic_stringIcNS_11char_traitsIcEENS_9allocatorIcEEEENS_4hashIS6_EENS_8equal_toIS6_EENS4_IS6_EEE12bucket_countB8ne180100Ev
FNL:47,92,93
FNA:47,100,_ZNSt3__116__hash_node_baseIPNS_11__hash_nodeINS_12basic_stringIcNS_11char_traitsIcEENS_9allocatorIcEEEEPvEEE5__ptrB8ne180100Ev
FNL:48,96,97
FNA:48,50,_ZNSt3__116__hash_node_baseIPNS_11__hash_nodeINS_12basic_stringIcNS_11char_traitsIcEENS_9allocatorIcEEEEPvEEE8__upcastB8ne180100Ev
FNL:49,971,975
FNA:49,26,_ZNSt3__112__hash_tableINS_12basic_stringIcNS_11char_traitsIcEENS_9allocatorIcEEEENS_4hashIS6_EENS_8equal_toIS6_EENS4_IS6_EEE19__move_assign_allocB8ne180100ERSC_
FNL:50,976,980
FNA:50,26,_ZNSt3__112__hash_tableINS_12basic_stringIcNS_11char_traitsIcEENS_9allocatorIcEEEENS_4hashIS6_EENS_8equal_toIS6_EENS4_IS6_EEE19__move_assign_allocB8ne180100ERSC_NS_17integral_constantIbLb1EEE
FNL:51,993,997
FNA:51,130,_ZNSt3__112__hash_tableINS_12basic_stringIcNS_11char_traitsIcEENS_9allocatorIcEEEENS_4hashIS6_EENS_8equal_toIS6_EENS4_IS6_EEEC1Ev
FNA:51,130,_ZNSt3__112__hash_tableINS_12basic_stringIcNS_11char_traitsIcEENS_9allocatorIcEEEENS_4hashIS6_EENS_8equal_toIS6_EENS4_IS6_EEEC2Ev
FNF:52
FNH:50
DA:92,100
DA:93,100
DA:96,50
DA:97,50
DA:100,1011
DA:102,260
DA:103,25
DA:124,75
DA:134,50
DA:135,50
DA:138,25
DA:140,987
DA:141,987
DA:144,0
DA:145,0
DA:172,25
DA:174,50
DA:312,206
DA:346,206
DA:353,25
DA:354,25
DA:355,25
DA:364,2026
DA:365,2026
DA:367,2026
DA:368,2026
DA:372,8104
DA:533,260
DA:534,260
DA:546,128
DA:547,2126
DA:549,102
DA:552,25
DA:577,50
DA:578,25
DA:579,50
DA:581,0
DA:582,0
DA:583,0
DA:584,0
DA:585,0
DA:586,0
DA:587,0
DA:588,0
DA:695,204
DA:700,77
DA:701,2026
DA:703,102
DA:706,52
DA:707,25
DA:709,207
DA:718,130
DA:801,25
DA:802,25
DA:846,25
DA:855,2126
DA:971,26
DA:974,26
DA:975,26
DA:976,26
DA:978,26
DA:979,26
DA:980,26
DA:993,260
DA:997,260
DA:1073,260
DA:1079,130
DA:1080,260
DA:1106,130
DA:1107,130
DA:1108,155
DA:1109,25
DA:1110,25
DA:1111,25
DA:1112,25
DA:1113,25
DA:1114,25
DA:1116,130
DA:1131,26
DA:1134,26
DA:1135,26
DA:1136,26
DA:1137,26
DA:1138,26
DA:1139,26
DA:1140,26
DA:1141,26
DA:1142,26
DA:1143,26
DA:1144,26
DA:1145,25
DA:1146,25
DA:1147,25
DA:1148,25
DA:1149,26
DA:1190,26
DA:1193,26
DA:1194,26
DA:1262,78
DA:1263,78
DA:1280,4027
DA:1281,4027
DA:1285,26
DA:1286,26
DA:1287,0
DA:1288,0
DA:1289,0
DA:1290,0
DA:1291,0
DA:1292,0
DA:1293,0
DA:1294,26
DA:1476,25
DA:1477,25
DA:1478,25
DA:1479,25
DA:1482,25
DA:1483,0
DA:1484,0
DA:1485,0
DA:1486,0
DA:1487,0
DA:1488,0
DA:1489,0
DA:1490,0
DA:1491,0
DA:1492,0
DA:1493,0
DA:1495,0
DA:1496,0
DA:1497,25
DA:1498,25
DA:1499,25
DA:1500,25
DA:1501,25
DA:1503,25
DA:1504,25
DA:1505,25
DA:1506,25
DA:1507,25
DA:1509,25
DA:1510,25
DA:1511,0
DA:1512,25
DA:1513,0
DA:1514,0
DA:1516,25
DA:1518,25
DA:1519,25
DA:1520,25
DA:1522,25
DA:1523,0
DA:1656,25
DA:1657,25
DA:1658,25
DA:1659,0
DA:1660,0
DA:1661,25
DA:1662,25
DA:1663,25
DA:1664,0
DA:1665,0
DA:1667,0
DA:1668,0
DA:1669,0
DA:1670,0
DA:1671,0
DA:1672,25
DA:1676,25
DA:1677,25
DA:1678,25
DA:1679,25
DA:1680,25
DA:1681,75
DA:1682,50
DA:1683,25
DA:1684,25
DA:1685,25
DA:1686,0
DA:1687,0
DA:1688,0
DA:1689,0
DA:1690,0
DA:1691,0
DA:1692,0
DA:1694,0
DA:1695,0
DA:1696,0
DA:1697,0
DA:1698,0
DA:1699,0
DA:1706,0
DA:1707,0
DA:1708,0
DA:1711,0
DA:1712,0
DA:1713,25
DA:1714,25
DA:1740,2026
DA:1741,2026
DA:1742,2026
DA:1743,2026
DA:1744,625
DA:1745,625
DA:1746,625
DA:1747,1298
DA:1748,649
DA:1749,312
DA:1750,337
DA:1751,25
DA:1752,312
DA:1753,312
DA:1754,600
DA:1755,2001
DA:1756,2026
DA:1785,25
DA:1787,25
DA:1788,25
DA:1789,25
DA:1790,25
DA:1791,25
DA:1792,25
DA:1793,25
DA:1794,25
DA:1880,2026
DA:1881,2026
LF:226
LH:165
end_of_record
TN:
SF:/Library/Developer/CommandLineTools/SDKs/MacOSX15.1.sdk/usr/include/c++/v1/__iterator/advance.h
FNL:0,57,59
FNA:0,182,_ZNSt3__19__advanceB8ne180100INS_11__wrap_iterIPcEEEEvRT_NS_15iterator_traitsIS4_E15difference_typeENS_26random_access_iterator_tagE
FNA:0,10,_ZNSt3__19__advanceB8ne180100IPcEEvRT_NS_15iterator_traitsIS2_E15difference_typeENS_26random_access_iterator_tagE
FNL:1,65,72
FNA:1,182,_ZNSt3__17advanceB8ne180100INS_11__wrap_iterIPcEEllvEEvRT_T0_
FNA:1,10,_ZNSt3__17advanceB8ne180100IPcllvEEvRT_T0_
FNF:2
FNH:2
DA:57,192
DA:58,192
DA:59,192
DA:65,192
DA:67,192
DA:71,192
DA:72,192
LF:7
LH:7
end_of_record
TN:
SF:/Library/Developer/CommandLineTools/SDKs/MacOSX15.1.sdk/usr/include/c++/v1/__iterator/distance.h
FNL:0,40,41
FNA:0,0,_ZNSt3__110__distanceB8ne180100INS_11__wrap_iterIPKNS_12basic_stringIcNS_11char_traitsIcEENS_9allocatorIcEEEEEEEENS_15iterator_traitsIT_E15difference_typeESC_SC_NS_26random_access_iterator_tagE
FNA:0,78,_ZNSt3__110__distanceB8ne180100INS_11__wrap_iterIPNS_12basic_stringIcNS_11char_traitsIcEENS_9allocatorIcEEEEEEEENS_15iterator_traitsIT_E15difference_typeESB_SB_NS_26random_access_iterator_tagE
FNA:0,0,_ZNSt3__110__distanceB8ne180100INS_13move_iteratorIPNS_12basic_stringIcNS_11char_traitsIcEENS_9allocatorIcEEEEEEEENS_15iterator_traitsIT_E15difference_typeESB_SB_NS_26random_access_iterator_tagE
FNA:0,0,_ZNSt3__110__distanceB8ne180100INS_13move_iteratorIPPN7testing9TestSuiteEEEEENS_15iterator_traitsIT_E15difference_typeES8_S8_NS_26random_access_iterator_tagE
FNA:0,0,_ZNSt3__110__distanceB8ne180100INS_13move_iteratorIPPcEEEENS_15iterator_traitsIT_E15difference_typeES6_S6_NS_26random_access_iterator_tagE
FNA:0,0,_ZNSt3__110__distanceB8ne180100IPKPKcEENS_15iterator_traitsIT_E15difference_typeES6_S6_NS_26random_access_iterator_tagE
FNA:0,0,_ZNSt3__110__distanceB8ne180100IPKcEENS_15iterator_traitsIT_E15difference_typeES4_S4_NS_26random_access_iterator_tagE
FNA:0,14,_ZNSt3__110__distanceB8ne180100IPcEENS_15iterator_traitsIT_E15difference_typeES3_S3_NS_26random_access_iterator_tagE
FNL:1,46,47
FNA:1,0,_ZNSt3__18distanceB8ne180100INS_11__wrap_iterIPKNS_12basic_stringIcNS_11char_traitsIcEENS_9allocatorIcEEEEEEEENS_15iterator_traitsIT_E15difference_typeESC_SC_
FNA:1,78,_ZNSt3__18distanceB8ne180100INS_11__wrap_iterIPNS_12basic_stringIcNS_11char_traitsIcEENS_9allocatorIcEEEEEEEENS_15iterator_traitsIT_E15difference_typeESB_SB_
FNA:1,0,_ZNSt3__18distanceB8ne180100INS_13move_iteratorIPNS_12basic_stringIcNS_11char_traitsIcEENS_9allocatorIcEEEEEEEENS_15iterator_traitsIT_E15difference_typeESB_SB_
FNA:1,0,_ZNSt3__18distanceB8ne180100INS_13move_iteratorIPPN7testing9TestSuiteEEEEENS_15iterator_traitsIT_E15difference_typeES8_S8_
FNA:1,0,_ZNSt3__18distanceB8ne180100INS_13move_iteratorIPPcEEEENS_15iterator_traitsIT_E15difference_typeES6_S6_
FNA:1,0,_ZNSt3__18distanceB8ne180100IPKPKcEENS_15iterator_traitsIT_E15difference_typeES6_S6_
FNA:1,0,_ZNSt3__18distanceB8ne180100IPKcEENS_15iterator_traitsIT_E15difference_typeES4_S4_
FNA:1,14,_ZNSt3__18distanceB8ne180100IPcEENS_15iterator_traitsIT_E15difference_typeES3_S3_
FNF:2
FNH:2
DA:40,92
DA:41,92
DA:46,92
DA:47,92
LF:4
LH:4
end_of_record
TN:
SF:/Library/Developer/CommandLineTools/SDKs/MacOSX15.1.sdk/usr/include/c++/v1/__iterator/insert_iterator.h
FNL:0,64,65
FNA:0,78,_ZNSt3__115insert_iteratorINS_13unordered_setINS_12basic_stringIcNS_11char_traitsIcEENS_9allocatorIcEEEENS_4hashIS7_EENS_8equal_toIS7_EENS5_IS7_EEEEEC1B8ne180100ERSD_NS_21__hash_const_iteratorIPNS_11__hash_nodeIS7_PvEEEE
FNA:0,78,_ZNSt3__115insert_iteratorINS_13unordered_setINS_12basic_stringIcNS_11char_traitsIcEENS_9allocatorIcEEEENS_4hashIS7_EENS_8equal_toIS7_EENS5_IS7_EEEEEC2B8ne180100ERSD_NS_21__hash_const_iteratorIPNS_11__hash_nodeIS7_PvEEEE
FNA:0,78,_ZNSt3__115insert_iteratorINS_6vectorINS_12basic_stringIcNS_11char_traitsIcEENS_9allocatorIcEEEENS5_IS7_EEEEEC1B8ne180100ERS9_NS_11__wrap_iterIPS7_EE
FNA:0,78,_ZNSt3__115insert_iteratorINS_6vectorINS_12basic_stringIcNS_11char_traitsIcEENS_9allocatorIcEEEENS5_IS7_EEEEEC2B8ne180100ERS9_NS_11__wrap_iterIPS7_EE
FNL:1,74,77
FNA:1,25,_ZNSt3__115insert_iteratorINS_13unordered_setINS_12basic_stringIcNS_11char_traitsIcEENS_9allocatorIcEEEENS_4hashIS7_EENS_8equal_toIS7_EENS5_IS7_EEEEEaSB8ne180100EOS7_
FNA:1,105,_ZNSt3__115insert_iteratorINS_6vectorINS_12basic_stringIcNS_11char_traitsIcEENS_9allocatorIcEEEENS5_IS7_EEEEEaSB8ne180100EOS7_
FNL:2,80,80
FNA:2,25,_ZNSt3__115insert_iteratorINS_13unordered_setINS_12basic_stringIcNS_11char_traitsIcEENS_9allocatorIcEEEENS_4hashIS7_EENS_8equal_toIS7_EENS5_IS7_EEEEEdeB8ne180100Ev
FNA:2,105,_ZNSt3__115insert_iteratorINS_6vectorINS_12basic_stringIcNS_11char_traitsIcEENS_9allocatorIcEEEENS5_IS7_EEEEEdeB8ne180100Ev
FNL:3,81,81
FNA:3,25,_ZNSt3__115insert_iteratorINS_13unordered_setINS_12basic_stringIcNS_11char_traitsIcEENS_9allocatorIcEEEENS_4hashIS7_EENS_8equal_toIS7_EENS5_IS7_EEEEEppB8ne180100Ev
FNA:3,105,_ZNSt3__115insert_iteratorINS_6vectorINS_12basic_stringIcNS_11char_traitsIcEENS_9allocatorIcEEEENS5_IS7_EEEEEppB8ne180100Ev
FNL:4,87,88
FNA:4,78,_ZNSt3__18inserterB8ne180100INS_13unordered_setINS_12basic_stringIcNS_11char_traitsIcEENS_9allocatorIcEEEENS_4hashIS7_EENS_8equal_toIS7_EENS5_IS7_EEEEEENS_15insert_iteratorIT_EERSF_NSF_8iteratorE
FNA:4,78,_ZNSt3__18inserterB8ne180100INS_6vectorINS_12basic_stringIcNS_11char_traitsIcEENS_9allocatorIcEEEENS5_IS7_EEEEEENS_15insert_iteratorIT_EERSB_NSB_8iteratorE
FNF:5
FNH:5
DA:64,312
DA:65,312
DA:74,130
DA:75,130
DA:76,130
DA:77,130
DA:80,130
DA:81,130
DA:87,156
DA:88,156
LF:10
LH:10
end_of_record
TN:
SF:/Library/Developer/CommandLineTools/SDKs/MacOSX15.1.sdk/usr/include/c++/v1/__iterator/move_iterator.h
FNL:0,113,113
FNA:0,0,_ZNSt3__113move_iteratorIPNS_12basic_stringIcNS_11char_traitsIcEENS_9allocatorIcEEEEEC1B8ne180100ES7_
FNA:0,0,_ZNSt3__113move_iteratorIPNS_12basic_stringIcNS_11char_traitsIcEENS_9allocatorIcEEEEEC2B8ne180100ES7_
FNA:0,0,_ZNSt3__113move_iteratorIPPN7testing9TestSuiteEEC1B8ne180100ES4_
FNA:0,0,_ZNSt3__113move_iteratorIPPN7testing9TestSuiteEEC2B8ne180100ES4_
FNA:0,0,_ZNSt3__113move_iteratorIPPcEC1B8ne180100ES2_
FNA:0,0,_ZNSt3__113move_iteratorIPPcEC2B8ne180100ES2_
FNL:1,115,117
FNA:1,0,_ZNSt3__113move_iteratorIPNS_12basic_stringIcNS_11char_traitsIcEENS_9allocatorIcEEEEEppB8ne180100Ev
FNA:1,0,_ZNSt3__113move_iteratorIPPN7testing9TestSuiteEEppB8ne180100Ev
FNA:1,0,_ZNSt3__113move_iteratorIPPcEppB8ne180100Ev
FNL:2,173,173
FNA:2,0,_ZNKSt3__113move_iteratorIPNS_12basic_stringIcNS_11char_traitsIcEENS_9allocatorIcEEEEE4baseB8ne180100Ev
FNA:2,0,_ZNKSt3__113move_iteratorIPPN7testing9TestSuiteEE4baseB8ne180100Ev
FNA:2,0,_ZNKSt3__113move_iteratorIPPcE4baseB8ne180100Ev
FNL:3,175,176
FNA:3,0,_ZNKSt3__113move_iteratorIPNS_12basic_stringIcNS_11char_traitsIcEENS_9allocatorIcEEEEEdeB8ne180100Ev
FNA:3,0,_ZNKSt3__113move_iteratorIPPN7testing9TestSuiteEEdeB8ne180100Ev
FNA:3,0,_ZNKSt3__113move_iteratorIPPcEdeB8ne180100Ev
FNL:4,304,305
FNA:4,0,_ZNSt3__1miB8ne180100IPNS_12basic_stringIcNS_11char_traitsIcEENS_9allocatorIcEEEES7_EEDTmicldtfp_4baseEcldtfp0_4baseEERKNS_13move_iteratorIT_EERKNS9_IT0_EE
FNA:4,0,_ZNSt3__1miB8ne180100IPPN7testing9TestSuiteES4_EEDTmicldtfp_4baseEcldtfp0_4baseEERKNS_13move_iteratorIT_EERKNS6_IT0_EE
FNA:4,0,_ZNSt3__1miB8ne180100IPPcS2_EEDTmicldtfp_4baseEcldtfp0_4baseEERKNS_13move_iteratorIT_EERKNS4_IT0_EE
FNF:5
FNH:0
DA:113,0
DA:115,0
DA:116,0
DA:117,0
DA:173,0
DA:175,0
DA:176,0
DA:304,0
DA:305,0
LF:9
LH:0
end_of_record
TN:
SF:/Library/Developer/CommandLineTools/SDKs/MacOSX15.1.sdk/usr/include/c++/v1/__iterator/next.h
FNL:0,29,36
FNA:0,8,_ZNSt3__14nextB8ne180100IPcLi0EEET_S2_NS_15iterator_traitsIS2_E15difference_typeE
FNF:1
FNH:1
DA:29,8
DA:35,8
DA:36,8
LF:3
LH:3
end_of_record
TN:
SF:/Library/Developer/CommandLineTools/SDKs/MacOSX15.1.sdk/usr/include/c++/v1/__iterator/ostreambuf_iterator.h
FNL:0,53,53
FNA:0,11984,_ZNSt3__119ostreambuf_iteratorIcNS_11char_traitsIcEEEC1B8ne180100ERNS_13basic_ostreamIcS2_EE
FNA:0,11984,_ZNSt3__119ostreambuf_iteratorIcNS_11char_traitsIcEEEC2B8ne180100ERNS_13basic_ostreamIcS2_EE
FNL:1,63,63
FNA:1,11984,_ZNKSt3__119ostreambuf_iteratorIcNS_11char_traitsIcEEE6failedB8ne180100Ev
FNF:2
FNH:2
DA:53,23968
DA:63,11984
LF:2
LH:2
end_of_record
TN:
SF:/Library/Developer/CommandLineTools/SDKs/MacOSX15.1.sdk/usr/include/c++/v1/__iterator/prev.h
FNL:0,29,35
FNA:0,182,_ZNSt3__14prevB8ne180100INS_11__wrap_iterIPcEELi0EEET_S4_NS_15iterator_traitsIS4_E15difference_typeE
FNA:0,2,_ZNSt3__14prevB8ne180100IPcLi0EEET_S2_NS_15iterator_traitsIS2_E15difference_typeE
FNF:1
FNH:1
DA:29,184
DA:34,184
DA:35,184
LF:3
LH:3
end_of_record
TN:
SF:/Library/Developer/CommandLineTools/SDKs/MacOSX15.1.sdk/usr/include/c++/v1/__iterator/reverse_iterator.h
FNL:0,129,129
FNA:0,0,_ZNKSt3__116reverse_iteratorINS0_IPN7testing12TestPropertyEEEE4baseB8ne180100Ev
FNA:0,0,_ZNKSt3__116reverse_iteratorINS0_IPN7testing14TestPartResultEEEE4baseB8ne180100Ev
FNA:0,0,_ZNKSt3__116reverse_iteratorINS0_IPN7testing8internal9TraceInfoEEEE4baseB8ne180100Ev
FNA:0,0,_ZNKSt3__116reverse_iteratorINS0_IPNS_12basic_stringIcNS_11char_traitsIcEENS_9allocatorIcEEEEEEE4baseB8ne180100Ev
FNA:0,50,_ZNKSt3__116reverse_iteratorINS_11__wrap_iterIPPN7testing11EnvironmentEEEE4baseB8ne180100Ev
FNA:0,2600,_ZNKSt3__116reverse_iteratorINS_11__wrap_iterIPPN7testing9TestSuiteEEEE4baseB8ne180100Ev
FNA:0,0,_ZNKSt3__116reverse_iteratorIPN7testing12TestPropertyEE4baseB8ne180100Ev
FNA:0,0,_ZNKSt3__116reverse_iteratorIPN7testing14TestPartResultEE4baseB8ne180100Ev
FNA:0,0,_ZNKSt3__116reverse_iteratorIPN7testing8internal13edit_distance8EditTypeEE4baseB8ne180100Ev
FNA:0,0,_ZNKSt3__116reverse_iteratorIPN7testing8internal9TraceInfoEE4baseB8ne180100Ev
FNA:0,1114,_ZNKSt3__116reverse_iteratorIPNS_12basic_stringIcNS_11char_traitsIcEENS_9allocatorIcEEEEE4baseB8ne180100Ev
FNA:0,0,_ZNKSt3__116reverse_iteratorIPPN7testing11EnvironmentEE4baseB8ne180100Ev
FNA:0,78,_ZNKSt3__116reverse_iteratorIPPN7testing17TestEventListenerEE4baseB8ne180100Ev
FNA:0,2080,_ZNKSt3__116reverse_iteratorIPPN7testing8TestInfoEE4baseB8ne180100Ev
FNA:0,78,_ZNKSt3__116reverse_iteratorIPPN7testing9TestSuiteEE4baseB8ne180100Ev
FNA:0,0,_ZNKSt3__116reverse_iteratorIPPcE4baseB8ne180100Ev
FNA:0,2158,_ZNKSt3__116reverse_iteratorIPiE4baseB8ne180100Ev
FNA:0,0,_ZNKSt3__116reverse_iteratorIPmE4baseB8ne180100Ev
FNL:1,130,132
FNA:1,0,_ZNKSt3__116reverse_iteratorINS0_IPN7testing12TestPropertyEEEEdeB8ne180100Ev
FNA:1,0,_ZNKSt3__116reverse_iteratorINS0_IPN7testing14TestPartResultEEEEdeB8ne180100Ev
FNA:1,0,_ZNKSt3__116reverse_iteratorINS0_IPN7testing8internal9TraceInfoEEEEdeB8ne180100Ev
FNA:1,0,_ZNKSt3__116reverse_iteratorINS0_IPNS_12basic_stringIcNS_11char_traitsIcEENS_9allocatorIcEEEEEEEdeB8ne180100Ev
FNA:1,0,_ZNKSt3__116reverse_iteratorINS_11__wrap_iterIPPN7testing11EnvironmentEEEEdeB8ne180100Ev
FNA:1,1248,_ZNKSt3__116reverse_iteratorINS_11__wrap_iterIPPN7testing9TestSuiteEEEEdeB8ne180100Ev
FNA:1,0,_ZNKSt3__116reverse_iteratorIPN7testing12TestPropertyEEdeB8ne180100Ev
FNA:1,0,_ZNKSt3__116reverse_iteratorIPN7testing14TestPartResultEEdeB8ne180100Ev
FNA:1,0,_ZNKSt3__116reverse_iteratorIPN7testing8internal13edit_distance8EditTypeEEdeB8ne180100Ev
FNA:1,0,_ZNKSt3__116reverse_iteratorIPN7testing8internal9TraceInfoEEdeB8ne180100Ev
FNA:1,256,_ZNKSt3__116reverse_iteratorIPNS_12basic_stringIcNS_11char_traitsIcEENS_9allocatorIcEEEEEdeB8ne180100Ev
FNA:1,0,_ZNKSt3__116reverse_iteratorIPPN7testing11EnvironmentEEdeB8ne180100Ev
FNA:1,0,_ZNKSt3__116reverse_iteratorIPPN7testing17TestEventListenerEEdeB8ne180100Ev
FNA:1,1612,_ZNKSt3__116reverse_iteratorIPPN7testing8TestInfoEEdeB8ne180100Ev
FNA:1,0,_ZNKSt3__116reverse_iteratorIPPN7testing9TestSuiteEEdeB8ne180100Ev
FNA:1,0,_ZNKSt3__116reverse_iteratorIPPcEdeB8ne180100Ev
FNA:1,1612,_ZNKSt3__116reverse_iteratorIPiEdeB8ne180100Ev
FNA:1,0,_ZNKSt3__116reverse_iteratorIPmEdeB8ne180100Ev
FNL:2,146,146
FNA:2,0,_ZNKSt3__116reverse_iteratorINS0_IPN7testing12TestPropertyEEEEptB8ne180100Ev
FNA:2,0,_ZNKSt3__116reverse_iteratorINS0_IPN7testing14TestPartResultEEEEptB8ne180100Ev
FNA:2,0,_ZNKSt3__116reverse_iteratorINS0_IPN7testing8internal9TraceInfoEEEEptB8ne180100Ev
FNA:2,0,_ZNKSt3__116reverse_iteratorINS0_IPNS_12basic_stringIcNS_11char_traitsIcEENS_9allocatorIcEEEEEEEptB8ne180100Ev
FNA:2,0,_ZNKSt3__116reverse_iteratorIPN7testing12TestPropertyEEptB8ne180100Ev
FNA:2,0,_ZNKSt3__116reverse_iteratorIPN7testing14TestPartResultEEptB8ne180100Ev
FNA:2,0,_ZNKSt3__116reverse_iteratorIPN7testing8internal9TraceInfoEEptB8ne180100Ev
[...]
DA:6001,0
DA:6002,0
DA:6003,0
DA:6004,0
DA:6005,0
DA:6007,0
DA:6008,51
DA:6013,102
DA:6014,102
DA:6015,102
DA:6016,102
DA:6020,0
DA:6021,0
DA:6022,0
DA:6024,0
DA:6025,102
DA:6031,0
DA:6032,0
DA:6042,26
DA:6043,26
DA:6044,0
DA:6046,26
DA:6047,0
DA:6050,26
DA:6052,26
DA:6057,26
DA:6058,26
DA:6059,52
DA:6060,26
DA:6061,26
DA:6063,676
DA:6064,650
DA:6065,650
DA:6068,650
DA:6069,1300
DA:6070,650
DA:6071,650
DA:6073,650
DA:6074,650
DA:6075,650
DA:6077,1300
DA:6078,650
DA:6079,650
DA:6081,50
DA:6082,1300
DA:6083,0
DA:6084,50
DA:6085,50
DA:6087,650
DA:6088,650
DA:6090,650
DA:6091,650
DA:6092,650
DA:6093,26
DA:6094,26
DA:6095,26
DA:6101,0
DA:6102,0
DA:6103,0
DA:6104,0
DA:6105,0
DA:6106,0
DA:6108,0
DA:6109,0
DA:6110,0
DA:6111,0
DA:6112,0
DA:6113,0
DA:6115,0
DA:6116,0
DA:6117,0
DA:6120,1
DA:6122,1
DA:6124,2
DA:6125,1
DA:6127,26
DA:6128,25
DA:6129,25
DA:6130,25
DA:6131,1
DA:6132,1
DA:6133,1
DA:6134,0
DA:6137,0
DA:6138,0
DA:6139,1
DA:6140,1
DA:6141,2
DA:6142,2
DA:6143,0
DA:6146,0
DA:6147,0
DA:6148,25
DA:6149,25
DA:6150,25
DA:6152,1
DA:6153,1
DA:6154,1
DA:6155,0
DA:6156,0
DA:6157,0
DA:6158,0
DA:6159,0
DA:6160,0
DA:6161,0
DA:6162,0
DA:6163,0
DA:6164,0
DA:6165,0
DA:6166,0
DA:6167,0
DA:6168,0
DA:6169,0
DA:6170,1
DA:6177,0
DA:6179,0
DA:6180,0
DA:6181,0
DA:6182,0
DA:6183,0
DA:6188,175
DA:6189,175
DA:6193,25
DA:6195,25
DA:6197,175
DA:6198,0
DA:6201,150
DA:6202,150
DA:6203,100
DA:6205,50
DA:6206,0
DA:6208,50
DA:6209,150
DA:6213,0
DA:6215,0
DA:6218,0
DA:6219,0
DA:6222,0
DA:6223,0
DA:6225,0
DA:6228,25
DA:6229,50
DA:6231,25
DA:6233,25
DA:6234,25
DA:6235,25
DA:6248,0
DA:6251,0
DA:6260,1488
DA:6262,162
DA:6266,162
DA:6268,162
DA:6274,0
DA:6275,0
DA:6276,0
DA:6277,0
DA:6278,0
DA:6280,0
DA:6281,0
DA:6288,235
DA:6291,235
DA:6295,235
DA:6296,235
DA:6297,235
DA:6300,51
DA:6303,51
DA:6304,26
DA:6310,25
DA:6313,25
DA:6314,235
DA:6326,156
DA:6328,156
DA:6331,156
DA:6334,26
DA:6335,26
DA:6336,156
DA:6342,0
DA:6344,0
DA:6347,0
DA:6350,0
DA:6351,0
DA:6352,0
DA:6359,79
DA:6361,79
DA:6364,79
DA:6367,25
DA:6368,25
DA:6369,79
DA:6377,0
DA:6378,0
DA:6379,0
DA:6380,0
DA:6381,0
DA:6382,0
DA:6394,0
DA:6395,0
DA:6401,0
DA:6402,0
DA:6403,0
DA:6404,0
DA:6405,0
DA:6408,0
DA:6410,0
DA:6411,0
DA:6412,0
DA:6413,0
DA:6414,0
DA:6415,0
DA:6416,0
DA:6417,0
DA:6418,0
DA:6419,0
DA:6420,0
DA:6421,0
DA:6422,0
DA:6423,0
DA:6426,0
DA:6524,51
DA:6534,51
DA:6535,26
DA:6536,26
DA:6537,26
DA:6538,26
DA:6539,26
DA:6540,26
DA:6541,26
DA:6542,1
DA:6543,1
DA:6544,0
DA:6545,0
DA:6546,0
DA:6547,0
DA:6548,0
DA:6549,0
DA:6550,0
DA:6551,0
DA:6552,0
DA:6553,0
DA:6554,0
DA:6555,0
DA:6556,51
DA:6559,0
DA:6560,0
DA:6561,0
DA:6562,0
DA:6563,0
DA:6564,0
DA:6565,0
DA:6566,0
DA:6567,0
DA:6568,0
DA:6569,0
DA:6570,0
DA:6571,0
DA:6572,0
DA:6573,0
DA:6580,26
DA:6581,26
DA:6582,77
DA:6583,51
DA:6584,51
DA:6588,51
DA:6589,51
DA:6590,51
DA:6592,51
DA:6593,0
DA:6594,0
DA:6595,0
DA:6597,0
DA:6600,0
DA:6601,0
DA:6603,51
DA:6608,127
DA:6609,76
DA:6610,76
DA:6613,51
DA:6617,51
DA:6618,51
DA:6619,51
DA:6621,26
DA:6625,0
DA:6626,0
DA:6627,26
DA:6631,26
DA:6651,26
DA:6659,26
DA:6660,26
DA:6661,26
DA:6664,26
DA:6665,0
DA:6666,0
DA:6667,0
DA:6674,26
DA:6676,26
DA:6678,26
DA:6680,26
DA:6681,103
DA:6682,77
DA:6683,77
DA:6695,26
DA:6696,26
DA:6697,26
DA:6710,26
DA:6714,26
DA:6716,26
DA:6720,0
DA:6724,0
DA:6726,0
DA:6730,0
DA:6732,0
DA:6733,0
DA:6734,0
DA:6735,0
DA:6740,0
DA:6742,0
DA:6749,0
DA:6752,0
DA:6753,0
DA:6754,0
DA:6755,0
DA:6756,0
DA:6758,0
DA:6761,0
DA:6762,0
DA:6765,0
DA:6773,0
DA:6781,0
DA:6782,0
DA:6783,0
DA:6784,0
DA:6785,0
DA:6787,0
DA:6788,0
DA:6791,0
DA:6792,0
DA:6793,0
LF:2910
LH:818
end_of_record
TN:
SF:/Users/trisha/Desktop/nsu/oop/oop_git/lab1/build/_deps/googletest-src/googletest/src/gtest_main.cc
FNL:0,48,51
FNA:0,26,main
FNF:1
FNH:1
DA:48,26
DA:49,26
DA:50,26
DA:51,26
LF:4
LH:4
end_of_record
TN:
SF:/Users/trisha/Desktop/nsu/oop/oop_git/lab1/scr/circularbuffer.cpp
FNL:0,103,104
FNA:0,208,_ZNK6Buffer14CircularBuffer4fullEv
FNL:1,107,108
FNA:1,3,_ZNK6Buffer14CircularBuffer7reserveEv
FNL:2,111,112
FNA:2,20,_ZNK6Buffer14CircularBuffer8capacityEv
FNL:3,115,131
FNA:3,3,_ZN6Buffer14CircularBuffer12set_capacityEm
FNL:4,133,143
FNA:4,4,_ZN6Buffer14CircularBuffer6resizeEmRKc
FNL:5,145,160
FNA:5,2,_ZN6Buffer14CircularBufferaSERKS0_
FNL:6,16,21
FNA:6,7,_ZN6Buffer14CircularBufferC1ERKS0_
FNA:6,7,_ZN6Buffer14CircularBufferC2ERKS0_
FNL:7,162,167
FNA:7,1,_ZN6Buffer14CircularBuffer4swapERS0_
FNL:8,169,177
FNA:8,92,_ZN6Buffer14CircularBuffer9push_backERKc
FNL:9,179,188
FNA:9,8,_ZN6Buffer14CircularBuffer10push_frontERKc
FNL:10,190,194
FNA:10,6,_ZN6Buffer14CircularBuffer8pop_backEv
FNL:11,196,201
FNA:11,4,_ZN6Buffer14CircularBuffer9pop_frontEv
FNL:12,203,225
FNA:12,4,_ZN6Buffer14CircularBuffer6insertEmRKc
FNL:13,227,255
FNA:13,4,_ZN6Buffer14CircularBuffer5eraseEmm
FNL:14,23,26
FNA:14,23,_ZN6Buffer14CircularBufferC1Em
FNA:14,23,_ZN6Buffer14CircularBufferC2Em
FNL:15,257,260
FNA:15,36,_ZN6Buffer14CircularBuffer5clearEv
FNL:16,262,263
FNA:16,300,_ZNK6Buffer14CircularBuffer4seekEm
FNL:17,266,276
FNA:17,4,_ZN6BuffereqERKNS_14CircularBufferES2_
FNL:18,278,279
FNA:18,2,_ZN6BufferneERKNS_14CircularBufferES2_
FNL:19,28,35
FNA:19,4,_ZN6Buffer14CircularBufferC1EmRKc
FNA:19,4,_ZN6Buffer14CircularBufferC2EmRKc
FNL:20,37,38
FNA:20,103,_ZN6Buffer14CircularBufferixEm
FNL:21,41,42
FNA:21,53,_ZNK6Buffer14CircularBufferixEm
FNL:22,45,50
FNA:22,16,_ZN6Buffer14CircularBuffer2atEm
FNL:23,52,57
FNA:23,5,_ZNK6Buffer14CircularBuffer2atEm
FNL:24,59,60
FNA:24,1,_ZN6Buffer14CircularBuffer5frontEv
FNL:25,6,6
FNA:25,2,_ZN6Buffer14CircularBufferC1Ev
FNA:25,2,_ZN6Buffer14CircularBufferC2Ev
FNL:26,63,64
FNA:26,1,_ZN6Buffer14CircularBuffer4backEv
FNL:27,67,68
FNA:27,1,_ZNK6Buffer14CircularBuffer5frontEv
FNL:28,71,72
FNA:28,1,_ZNK6Buffer14CircularBuffer4backEv
FNL:29,75,82
FNA:29,2,_ZN6Buffer14CircularBuffer9linearizeEv
FNL:30,8,14
FNA:30,36,_ZN6Buffer14CircularBufferD1Ev
FNA:30,36,_ZN6Buffer14CircularBufferD2Ev
FNL:31,84,85
FNA:31,5,_ZNK6Buffer14CircularBuffer13is_linearizedEv
FNL:32,88,93
FNA:32,4,_ZN6Buffer14CircularBuffer6rotateEm
FNL:33,95,96
FNA:33,58,_ZNK6Buffer14CircularBuffer4sizeEv
FNL:34,99,100
FNA:34,14,_ZNK6Buffer14CircularBuffer5emptyEv
FNF:35
FNH:35
DA:6,4
DA:8,72
DA:9,36
DA:10,36
DA:11,35
DA:12,35
DA:13,35
DA:14,72
DA:16,14
DA:17,7
DA:18,34
DA:19,27
DA:20,27
DA:21,14
DA:23,46
DA:24,23
DA:25,23
DA:26,46
DA:28,8
DA:29,4
DA:30,4
DA:31,22
DA:32,18
DA:33,18
DA:34,18
DA:35,8
DA:37,103
DA:38,103
DA:41,53
DA:42,53
DA:45,16
DA:46,16
DA:47,2
DA:49,14
DA:50,0
DA:52,5
DA:53,5
DA:54,2
DA:56,3
DA:57,0
DA:59,1
DA:60,1
DA:63,1
DA:64,1
DA:67,1
DA:68,1
DA:71,1
DA:72,1
DA:75,2
DA:76,2
DA:77,1
DA:79,1
DA:80,1
DA:81,1
DA:82,2
DA:84,5
DA:85,5
DA:88,4
DA:89,4
DA:90,4
DA:91,4
DA:92,4
DA:93,4
DA:95,58
DA:96,58
DA:99,14
DA:100,14
DA:103,208
DA:104,208
DA:107,3
DA:108,3
DA:111,20
DA:112,20
DA:115,3
DA:116,3
DA:117,2
DA:118,13
DA:119,11
DA:120,11
DA:121,2
DA:122,2
DA:123,2
DA:124,2
DA:125,2
DA:126,2
DA:127,2
DA:128,1
DA:129,1
DA:131,3
DA:133,4
DA:134,4
DA:135,2
DA:136,2
DA:137,2
DA:138,1
DA:139,15
DA:140,13
DA:143,4
DA:145,2
DA:146,2
DA:147,1
DA:149,1
DA:150,0
DA:151,0
DA:152,1
DA:153,1
DA:154,1
DA:155,1
DA:156,6
DA:157,5
DA:158,5
DA:159,1
DA:160,2
DA:162,1
DA:163,1
DA:164,1
DA:165,1
DA:166,1
DA:167,1
DA:169,92
DA:170,92
DA:171,3
DA:172,3
DA:173,92
DA:174,92
DA:175,92
DA:176,92
DA:177,92
DA:179,8
DA:180,8
DA:181,4
DA:182,4
DA:183,8
DA:184,8
DA:185,8
DA:186,8
DA:187,8
DA:188,8
DA:190,6
DA:191,6
DA:192,6
DA:193,6
DA:194,6
DA:196,4
DA:197,4
DA:198,4
DA:199,4
DA:200,4
DA:201,4
DA:203,4
DA:204,4
DA:205,1
DA:207,3
DA:208,1
DA:209,1
DA:210,3
DA:211,2
DA:212,3
DA:213,1
DA:214,1
DA:215,2
DA:216,2
DA:217,2
DA:218,1
DA:219,1
DA:220,1
DA:222,3
DA:223,2
DA:224,2
DA:225,3
DA:227,4
DA:228,4
DA:229,1
DA:231,3
DA:232,2
DA:233,2
DA:234,3
DA:235,3
DA:236,3
DA:237,2
DA:238,1
DA:239,1
DA:240,1
DA:241,2
DA:242,2
DA:243,0
DA:244,0
DA:245,8
DA:246,6
DA:247,6
DA:249,3
DA:250,3
DA:251,1
DA:252,1
DA:253,2
DA:255,3
DA:257,36
DA:258,36
DA:259,36
DA:260,36
DA:262,300
DA:263,300
DA:266,4
DA:267,4
DA:268,1
DA:270,11
DA:271,9
DA:272,1
DA:274,8
DA:275,2
DA:276,4
DA:278,2
DA:279,2
LF:213
LH:207
end_of_record
TN:
SF:/Users/trisha/Desktop/nsu/oop/oop_git/lab1/test/Circularbuffer_test.cpp
FNL:0,102
FNA:0,1,_ZN32CircularBufferTest_BackTest_Test8TestBodyEv
FNA:0,1,_ZN32CircularBufferTest_BackTest_TestC1Ev
FNA:0,1,_ZN32CircularBufferTest_BackTest_TestC2Ev
FNA:0,1,_ZN32CircularBufferTest_BackTest_TestD0Ev
FNA:0,1,_ZN32CircularBufferTest_BackTest_TestD1Ev
FNA:0,1,_ZN32CircularBufferTest_BackTest_TestD2Ev
FNL:1,116
FNA:1,1,_ZN37CircularBufferTest_LinearizeTest_Test8TestBodyEv
FNA:1,1,_ZN37CircularBufferTest_LinearizeTest_TestC1Ev
FNA:1,1,_ZN37CircularBufferTest_LinearizeTest_TestC2Ev
FNA:1,1,_ZN37CircularBufferTest_LinearizeTest_TestD0Ev
FNA:1,1,_ZN37CircularBufferTest_LinearizeTest_TestD1Ev
FNA:1,1,_ZN37CircularBufferTest_LinearizeTest_TestD2Ev
FNL:2,13
FNA:2,1,_ZN43CircularBufferTest_ConstructorCopyTest_Test8TestBodyEv
FNA:2,1,_ZN43CircularBufferTest_ConstructorCopyTest_TestC1Ev
FNA:2,1,_ZN43CircularBufferTest_ConstructorCopyTest_TestC2Ev
FNA:2,1,_ZN43CircularBufferTest_ConstructorCopyTest_TestD0Ev
FNA:2,1,_ZN43CircularBufferTest_ConstructorCopyTest_TestD1Ev
FNA:2,1,_ZN43CircularBufferTest_ConstructorCopyTest_TestD2Ev
FNL:3,137
FNA:3,1,_ZN34CircularBufferTest_RotateTest_Test8TestBodyEv
FNA:3,1,_ZN34CircularBufferTest_RotateTest_TestC1Ev
FNA:3,1,_ZN34CircularBufferTest_RotateTest_TestC2Ev
FNA:3,1,_ZN34CircularBufferTest_RotateTest_TestD0Ev
FNA:3,1,_ZN34CircularBufferTest_RotateTest_TestD1Ev
FNA:3,1,_ZN34CircularBufferTest_RotateTest_TestD2Ev
FNL:4,177
FNA:4,1,_ZN33CircularBufferTest_EmptyTest_Test8TestBodyEv
FNA:4,1,_ZN33CircularBufferTest_EmptyTest_TestC1Ev
FNA:4,1,_ZN33CircularBufferTest_EmptyTest_TestC2Ev
FNA:4,1,_ZN33CircularBufferTest_EmptyTest_TestD0Ev
FNA:4,1,_ZN33CircularBufferTest_EmptyTest_TestD1Ev
FNA:4,1,_ZN33CircularBufferTest_EmptyTest_TestD2Ev
FNL:5,187
FNA:5,1,_ZN32CircularBufferTest_FullTest_Test8TestBodyEv
FNA:5,1,_ZN32CircularBufferTest_FullTest_TestC1Ev
FNA:5,1,_ZN32CircularBufferTest_FullTest_TestC2Ev
FNA:5,1,_ZN32CircularBufferTest_FullTest_TestD0Ev
FNA:5,1,_ZN32CircularBufferTest_FullTest_TestD1Ev
FNA:5,1,_ZN32CircularBufferTest_FullTest_TestD2Ev
FNL:6,200
FNA:6,1,_ZN35CircularBufferTest_ReserveTest_Test8TestBodyEv
FNA:6,1,_ZN35CircularBufferTest_ReserveTest_TestC1Ev
FNA:6,1,_ZN35CircularBufferTest_ReserveTest_TestC2Ev
FNA:6,1,_ZN35CircularBufferTest_ReserveTest_TestD0Ev
FNA:6,1,_ZN35CircularBufferTest_ReserveTest_TestD1Ev
FNA:6,1,_ZN35CircularBufferTest_ReserveTest_TestD2Ev
FNL:7,215
FNA:7,1,_ZN39CircularBufferTest_SetCapacityTest_Test8TestBodyEv
FNA:7,1,_ZN39CircularBufferTest_SetCapacityTest_TestC1Ev
FNA:7,1,_ZN39CircularBufferTest_SetCapacityTest_TestC2Ev
FNA:7,1,_ZN39CircularBufferTest_SetCapacityTest_TestD0Ev
FNA:7,1,_ZN39CircularBufferTest_SetCapacityTest_TestD1Ev
FNA:7,1,_ZN39CircularBufferTest_SetCapacityTest_TestD2Ev
FNL:8,227
FNA:8,1,_ZN34CircularBufferTest_ResizeTest_Test8TestBodyEv
FNA:8,1,_ZN34CircularBufferTest_ResizeTest_TestC1Ev
FNA:8,1,_ZN34CircularBufferTest_ResizeTest_TestC2Ev
FNA:8,1,_ZN34CircularBufferTest_ResizeTest_TestD0Ev
FNA:8,1,_ZN34CircularBufferTest_ResizeTest_TestD1Ev
FNA:8,1,_ZN34CircularBufferTest_ResizeTest_TestD2Ev
FNL:9,251
FNA:9,1,_ZN38CircularBufferTest_AssignmentTest_Test8TestBodyEv
FNA:9,1,_ZN38CircularBufferTest_AssignmentTest_TestC1Ev
FNA:9,1,_ZN38CircularBufferTest_AssignmentTest_TestC2Ev
FNA:9,1,_ZN38CircularBufferTest_AssignmentTest_TestD0Ev
FNA:9,1,_ZN38CircularBufferTest_AssignmentTest_TestD1Ev
FNA:9,1,_ZN38CircularBufferTest_AssignmentTest_TestD2Ev
FNL:10,265
FNA:10,1,_ZN32CircularBufferTest_SwapTest_Test8TestBodyEv
FNA:10,1,_ZN32CircularBufferTest_SwapTest_TestC1Ev
FNA:10,1,_ZN32CircularBufferTest_SwapTest_TestC2Ev
FNA:10,1,_ZN32CircularBufferTest_SwapTest_TestD0Ev
FNA:10,1,_ZN32CircularBufferTest_SwapTest_TestD1Ev
FNA:10,1,_ZN32CircularBufferTest_SwapTest_TestD2Ev
FNL:11,289
FNA:11,1,_ZN36CircularBufferTest_PushBackTest_Test8TestBodyEv
FNA:11,1,_ZN36CircularBufferTest_PushBackTest_TestC1Ev
FNA:11,1,_ZN36CircularBufferTest_PushBackTest_TestC2Ev
FNA:11,1,_ZN36CircularBufferTest_PushBackTest_TestD0Ev
FNA:11,1,_ZN36CircularBufferTest_PushBackTest_TestD1Ev
FNA:11,1,_ZN36CircularBufferTest_PushBackTest_TestD2Ev
FNL:12,30
FNA:12,1,_ZN52CircularBufferTest_ConstructorWithParameterTest_Test8TestBodyEv
FNA:12,1,_ZN52CircularBufferTest_ConstructorWithParameterTest_TestC1Ev
FNA:12,1,_ZN52CircularBufferTest_ConstructorWithParameterTest_TestC2Ev
FNA:12,1,_ZN52CircularBufferTest_ConstructorWithParameterTest_TestD0Ev
FNA:12,1,_ZN52CircularBufferTest_ConstructorWithParameterTest_TestD1Ev
FNA:12,1,_ZN52CircularBufferTest_ConstructorWithParameterTest_TestD2Ev
FNL:13,309
FNA:13,1,_ZN37CircularBufferTest_PushFrontTest_Test8TestBodyEv
FNA:13,1,_ZN37CircularBufferTest_PushFrontTest_TestC1Ev
FNA:13,1,_ZN37CircularBufferTest_PushFrontTest_TestC2Ev
FNA:13,1,_ZN37CircularBufferTest_PushFrontTest_TestD0Ev
FNA:13,1,_ZN37CircularBufferTest_PushFrontTest_TestD1Ev
FNA:13,1,_ZN37CircularBufferTest_PushFrontTest_TestD2Ev
FNL:14,330
FNA:14,1,_ZN35CircularBufferTest_PopBackTest_Test8TestBodyEv
FNA:14,1,_ZN35CircularBufferTest_PopBackTest_TestC1Ev
FNA:14,1,_ZN35CircularBufferTest_PopBackTest_TestC2Ev
FNA:14,1,_ZN35CircularBufferTest_PopBackTest_TestD0Ev
FNA:14,1,_ZN35CircularBufferTest_PopBackTest_TestD1Ev
FNA:14,1,_ZN35CircularBufferTest_PopBackTest_TestD2Ev
FNL:15,348
FNA:15,1,_ZN36CircularBufferTest_PopFrontTest_Test8TestBodyEv
FNA:15,1,_ZN36CircularBufferTest_PopFrontTest_TestC1Ev
FNA:15,1,_ZN36CircularBufferTest_PopFrontTest_TestC2Ev
FNA:15,1,_ZN36CircularBufferTest_PopFrontTest_TestD0Ev
FNA:15,1,_ZN36CircularBufferTest_PopFrontTest_TestD1Ev
FNA:15,1,_ZN36CircularBufferTest_PopFrontTest_TestD2Ev
FNL:16,360
FNA:16,1,_ZN34CircularBufferTest_InsertTest_Test8TestBodyEv
FNA:16,1,_ZN34CircularBufferTest_InsertTest_TestC1Ev
FNA:16,1,_ZN34CircularBufferTest_InsertTest_TestC2Ev
FNA:16,1,_ZN34CircularBufferTest_InsertTest_TestD0Ev
FNA:16,1,_ZN34CircularBufferTest_InsertTest_TestD1Ev
FNA:16,1,_ZN34CircularBufferTest_InsertTest_TestD2Ev
FNL:17,38
FNA:17,1,_ZN53CircularBufferTest_ConstructorWithParametersTest_Test8TestBodyEv
FNA:17,1,_ZN53CircularBufferTest_ConstructorWithParametersTest_TestC1Ev
FNA:17,1,_ZN53CircularBufferTest_ConstructorWithParametersTest_TestC2Ev
FNA:17,1,_ZN53CircularBufferTest_ConstructorWithParametersTest_TestD0Ev
FNA:17,1,_ZN53CircularBufferTest_ConstructorWithParametersTest_TestD1Ev
FNA:17,1,_ZN53CircularBufferTest_ConstructorWithParametersTest_TestD2Ev
FNL:18,382
FNA:18,1,_ZN33CircularBufferTest_EraseTest_Test8TestBodyEv
FNA:18,1,_ZN33CircularBufferTest_EraseTest_TestC1Ev
FNA:18,1,_ZN33CircularBufferTest_EraseTest_TestC2Ev
FNA:18,1,_ZN33CircularBufferTest_EraseTest_TestD0Ev
FNA:18,1,_ZN33CircularBufferTest_EraseTest_TestD1Ev
FNA:18,1,_ZN33CircularBufferTest_EraseTest_TestD2Ev
FNL:19,411
FNA:19,1,_ZN34CircularBufferTest_EqualsTest_Test8TestBodyEv
FNA:19,1,_ZN34CircularBufferTest_EqualsTest_TestC1Ev
FNA:19,1,_ZN34CircularBufferTest_EqualsTest_TestC2Ev
FNA:19,1,_ZN34CircularBufferTest_EqualsTest_TestD0Ev
FNA:19,1,_ZN34CircularBufferTest_EqualsTest_TestD1Ev
FNA:19,1,_ZN34CircularBufferTest_EqualsTest_TestD2Ev
FNL:20,429
FNA:20,1,_ZN37CircularBufferTest_NotEqualsTest_Test8TestBodyEv
FNA:20,1,_ZN37CircularBufferTest_NotEqualsTest_TestC1Ev
FNA:20,1,_ZN37CircularBufferTest_NotEqualsTest_TestC2Ev
FNA:20,1,_ZN37CircularBufferTest_NotEqualsTest_TestD0Ev
FNA:20,1,_ZN37CircularBufferTest_NotEqualsTest_TestD1Ev
FNA:20,1,_ZN37CircularBufferTest_NotEqualsTest_TestD2Ev
FNL:21,5
FNA:21,1,_ZN56CircularBufferTest_ConstructorWithoutParametersTest_Test8TestBodyEv
FNA:21,1,_ZN56CircularBufferTest_ConstructorWithoutParametersTest_TestC1Ev
FNA:21,1,_ZN56CircularBufferTest_ConstructorWithoutParametersTest_TestC2Ev
FNA:21,1,_ZN56CircularBufferTest_ConstructorWithoutParametersTest_TestD0Ev
FNA:21,1,_ZN56CircularBufferTest_ConstructorWithoutParametersTest_TestD1Ev
FNA:21,1,_ZN56CircularBufferTest_ConstructorWithoutParametersTest_TestD2Ev
FNL:22,50
FNA:22,1,_ZN41CircularBufferTest_IndexOperatorTest_Test8TestBodyEv
FNA:22,1,_ZN41CircularBufferTest_IndexOperatorTest_TestC1Ev
FNA:22,1,_ZN41CircularBufferTest_IndexOperatorTest_TestC2Ev
FNA:22,1,_ZN41CircularBufferTest_IndexOperatorTest_TestD0Ev
FNA:22,1,_ZN41CircularBufferTest_IndexOperatorTest_TestD1Ev
FNA:22,1,_ZN41CircularBufferTest_IndexOperatorTest_TestD2Ev
FNL:23,67
FNA:23,1,_ZN40CircularBufferTest_AccessMethodTest_Test8TestBodyEv
FNA:23,1,_ZN40CircularBufferTest_AccessMethodTest_TestC1Ev
FNA:23,1,_ZN40CircularBufferTest_AccessMethodTest_TestC2Ev
FNA:23,1,_ZN40CircularBufferTest_AccessMethodTest_TestD0Ev
FNA:23,1,_ZN40CircularBufferTest_AccessMethodTest_TestD1Ev
FNA:23,1,_ZN40CircularBufferTest_AccessMethodTest_TestD2Ev
FNL:24,88
FNA:24,1,_ZN33CircularBufferTest_FrontTest_Test8TestBodyEv
FNA:24,1,_ZN33CircularBufferTest_FrontTest_TestC1Ev
FNA:24,1,_ZN33CircularBufferTest_FrontTest_TestC2Ev
FNA:24,1,_ZN33CircularBufferTest_FrontTest_TestD0Ev
FNA:24,1,_ZN33CircularBufferTest_FrontTest_TestD1Ev
FNA:24,1,_ZN33CircularBufferTest_FrontTest_TestD2Ev
FNF:25
FNH:25
DA:5,32
DA:6,1
DA:8,1
DA:9,1
DA:10,1
DA:11,1
DA:13,32
DA:14,1
DA:15,1
DA:16,1
DA:17,1
DA:18,1
DA:19,1
DA:21,1
DA:23,1
DA:25,6
DA:26,5
DA:27,5
DA:28,1
DA:30,32
DA:31,1
DA:33,1
DA:34,1
DA:35,1
DA:36,1
DA:38,32
DA:39,1
DA:41,1
DA:42,1
DA:43,1
DA:45,6
DA:46,5
DA:47,5
DA:48,1
DA:50,32
DA:51,1
DA:52,1
DA:53,1
DA:54,1
DA:56,1
DA:57,1
DA:58,1
DA:60,1
DA:62,1
DA:63,1
DA:64,1
DA:65,1
DA:67,32
DA:68,1
DA:69,1
DA:70,1
DA:71,1
DA:73,1
DA:74,1
DA:75,1
DA:76,2
DA:77,2
DA:79,1
DA:81,1
DA:82,1
DA:83,1
DA:84,2
DA:85,2
DA:86,5
DA:88,32
DA:89,1
DA:90,1
DA:91,1
DA:92,1
DA:93,1
DA:95,1
DA:97,1
DA:99,1
DA:100,1
DA:102,32
DA:103,1
DA:104,1
DA:105,1
DA:106,1
DA:107,1
DA:109,1
DA:111,1
DA:113,1
DA:114,1
DA:116,32
DA:117,1
DA:118,1
DA:120,1
DA:121,1
DA:122,1
DA:123,1
DA:124,1
DA:126,1
DA:128,1
DA:130,1
DA:132,1
DA:133,1
DA:134,1
DA:135,1
DA:137,32
DA:138,1
DA:139,1
DA:140,1
DA:141,1
DA:142,1
DA:143,1
DA:144,1
DA:145,1
DA:146,1
DA:147,1
DA:148,1
DA:149,1
DA:151,1
DA:153,1
DA:154,1
DA:155,1
DA:156,1
DA:157,1
DA:158,1
DA:159,1
DA:160,1
DA:162,1
DA:163,1
DA:165,1
DA:166,1
DA:167,1
DA:168,1
DA:169,1
DA:170,1
DA:171,1
DA:172,1
DA:173,1
DA:174,1
DA:175,1
DA:177,32
DA:178,1
DA:180,1
DA:182,1
DA:184,1
DA:185,1
DA:187,32
DA:188,1
DA:190,1
DA:192,1
DA:194,1
DA:195,1
DA:197,1
DA:198,1
DA:200,32
DA:201,1
DA:203,1
DA:205,1
DA:207,1
DA:209,1
DA:210,1
DA:212,1
DA:213,1
DA:215,32
DA:216,1
DA:217,1
DA:218,1
DA:220,1
DA:222,1
DA:224,1
DA:225,1
DA:227,32
DA:228,1
DA:229,1
DA:230,1
DA:231,1
DA:232,1
DA:233,1
DA:235,1
DA:236,1
DA:238,1
DA:240,1
DA:242,1
DA:244,1
DA:245,11
DA:246,10
DA:247,7
DA:248,6
DA:249,1
DA:251,32
DA:252,1
DA:253,1
DA:254,1
DA:255,1
DA:257,1
DA:258,1
DA:260,6
DA:261,5
DA:262,5
DA:263,1
DA:265,32
DA:266,1
DA:267,1
DA:269,1
DA:270,1
DA:272,1
DA:274,1
DA:275,1
DA:277,4
DA:278,3
DA:279,3
DA:281,1
DA:282,1
DA:284,6
DA:285,5
DA:286,5
DA:287,1
DA:289,32
DA:290,1
DA:291,1
DA:292,1
DA:293,1
DA:295,1
DA:296,1
DA:297,1
DA:298,1
DA:300,1
DA:302,1
DA:303,1
DA:304,1
DA:305,1
DA:306,1
DA:307,1
DA:309,32
DA:310,1
DA:311,1
DA:312,1
DA:314,1
DA:316,1
DA:317,1
DA:318,1
DA:319,1
DA:321,1
DA:323,1
DA:324,1
DA:325,1
DA:326,1
DA:327,1
DA:328,1
DA:330,32
DA:331,1
DA:332,1
DA:333,1
DA:334,1
DA:336,1
DA:337,1
DA:338,1
DA:339,1
DA:341,1
DA:343,1
DA:344,1
DA:345,1
DA:346,1
DA:348,32
DA:349,1
DA:350,1
DA:351,1
DA:352,1
DA:354,1
DA:356,1
DA:357,1
DA:358,1
DA:360,32
DA:361,1
DA:362,1
DA:363,1
DA:364,1
DA:366,1
DA:368,1
DA:370,1
DA:372,1
DA:374,1
DA:376,1
DA:377,1
DA:379,2
DA:380,2
DA:382,32
DA:383,1
DA:384,1
DA:385,1
DA:386,1
DA:387,1
DA:388,1
DA:390,1
DA:392,1
DA:394,1
DA:395,1
DA:396,1
DA:397,1
DA:398,1
DA:399,1
DA:400,1
DA:402,1
DA:404,1
DA:406,1
DA:408,2
DA:409,2
DA:411,32
DA:412,1
DA:413,1
DA:414,1
DA:415,1
DA:417,1
DA:418,1
DA:419,1
DA:420,1
DA:422,1
DA:424,1
DA:426,1
DA:427,1
DA:429,32
DA:430,1
DA:431,1
DA:432,1
DA:433,1
DA:435,1
DA:436,1
DA:437,1
DA:438,1
DA:440,1
DA:442,1
DA:444,1
DA:445,1
LF:327
LH:327
end_of_record
