<?xml version="1.0" encoding="UTF-8"?>
<Site BuildName="(empty)"
	BuildStamp="20241111-0439-Experimental"
	Name="(empty)"
	Generator="ctest-3.30.3"
	CompilerName=""
	CompilerVersion=""
	OSName="macOS"
	Hostname="MacBook-Air-Danil.local"
	OSRelease="15.0.1"
	OSVersion="24A348"
	OSPlatform="arm64"
	Is64Bits="1"
	VendorString="Apple"
	VendorID="Apple"
	FamilyID="0"
	ModelID="0"
	ProcessorCacheSize="131072"
	NumberOfLogicalCPU="8"
	NumberOfPhysicalCPU="8"
	TotalVirtualMemory="0"
	TotalPhysicalMemory="16384"
	LogicalProcessorsPerPhysical="8"
	ProcessorClockFrequency="0"
	>
	<Testing>
		<StartDateTime>Nov 12 00:54 +07</StartDateTime>
		<StartTestTime>1731347657</StartTestTime>
		<TestList>
			<Test>./CircularBufferTest.NotEqualsTest</Test>
		</TestList>
		<Test Status="passed">
			<Name>CircularBufferTest.NotEqualsTest</Name>
			<Path>.</Path>
			<FullName>./CircularBufferTest.NotEqualsTest</FullName>
			<FullCommandLine>/Users/trisha/Desktop/nsu/oop/oop_git/lab1/build/Circularbuffer_test "--gtest_filter=CircularBufferTest.NotEqualsTest" "--gtest_also_run_disabled_tests"</FullCommandLine>
			<Results>
				<NamedMeasurement type="numeric/double" name="Execution Time">
					<Value>0.00323346</Value>
				</NamedMeasurement>
				<NamedMeasurement type="numeric/double" name="Processors">
					<Value>1</Value>
				</NamedMeasurement>
				<NamedMeasurement type="text/string" name="Completion Status">
					<Value>Completed</Value>
				</NamedMeasurement>
				<NamedMeasurement type="text/string" name="Command Line">
					<Value>/Users/trisha/Desktop/nsu/oop/oop_git/lab1/build/Circularbuffer_test "--gtest_filter=CircularBufferTest.NotEqualsTest" "--gtest_also_run_disabled_tests"</Value>
				</NamedMeasurement>
				<NamedMeasurement type="text/string" name="Environment">
					<Value>#CTEST_RESOURCE_GROUP_COUNT=</Value>
				</NamedMeasurement>
				<Measurement>
					<Value encoding="base64" compression="gzip">eJyVkDkPwjAMhff8Co90aAQrUgcudUAqiGOqOgRwq0hpDKkDf58eAnEIqbwplj87zy8hxjHERIVB2GHFkGvD6CCCmXZHb5Sb+jxH1/RkQry4eGWqphJp9FQGG2+ttgWMgNstjsrHu/KaUYo0fCqD2NBBma6P9qod2RJtzSKH/vwBv+78diVS2OwTaJX1cN2RsFr2oGEwhLIK/rHTjQATKxOIflczKhee6GbfM/2VJThl5fs/9VXryXa7mDcZdKwUd2pKmHY=</Value>
				</Measurement>
			</Results>
		</Test>
		<EndDateTime>Nov 12 00:54 +07</EndDateTime>
		<EndTestTime>1731347657</EndTestTime>
		<ElapsedMinutes>0</ElapsedMinutes>
	</Testing>
</Site>
